<?xml version="1.0" encoding="utf-8"?>
<TestRun id="c4938fa8-0d59-488f-85d5-6eae904ab8cf" name="@Anatolys-MacBook-Air 2026-08-11 08:12:58" xmlns="http://microsoft.com/schemas/VisualStudio/TeamTest/2010">
  <Times creation="2026-08-11T08:12:58.2415350+07:00" queuing="2026-08-11T08:12:58.2415350+07:00" start="2026-08-11T08:12:55.9381060+07:00" finish="2026-08-11T08:27:36.1204010+07:00" />
  <TestSettings name="default" id="d8b5c1a4-642a-4500-8e9a-eee412e3af27">
    <Deployment runDeploymentRoot="_Anatolys-MacBook-Air_2026-08-11_08_12_58" />
  </TestSettings>
  <Results>
    <UnitTestResult executionId="26df757d-b5a2-436b-87c8-d310a44917f2" testId="71add631-959a-f25a-e4b5-027cf57fe344" testName="AttackOrderChasesAndEngages" computerName="Anatolys-MacBook-Air" duration="00:00:05.1051810" startTime="2026-08-11T08:21:14.9461150+07:00" endTime="2026-08-11T08:21:20.0513910+07:00" testType="13cdc9d9-ddb5-4fa4-a97d-d965ccfc6d4b" outcome="Passed" testListId="8c84fa94-04c1-424b-9868-57a2d4851a1d" relativeResultsDirectory="26df757d-b5a2-436b-87c8-d310a44917f2" />
    <UnitTestResult executionId="48dfd422-a987-407b-b353-05bf06627cb3" testId="eeab9555-bec1-9789-d611-29701ac2b3f5" testName="SeveredLimbPersistsOwnersHexAnchorAndFacing(0.0f,360.0f)" computerName="Anatolys-MacBook-Air" duration="00:00:00.3291630" startTime="2026-08-11T08:13:04.2255750+07:00" endTime="2026-08-11T08:13:04.5547410+07:00" testType="13cdc9d9-ddb5-4fa4-a97d-d965ccfc6d4b" outcome="Passed" testListId="8c84fa94-04c1-424b-9868-57a2d4851a1d" relativeResultsDirectory="48dfd422-a987-407b-b353-05bf06627cb3" />
    <UnitTestResult executionId="947e18d0-ad9d-4410-998a-80ad4465f607" testId="9382cff8-d62e-28c6-98a6-e67d28c077ff" testName="StrikeVariantIsPickedInExactlyOnePlace" computerName="Anatolys-MacBook-Air" duration="00:00:00.0289680" startTime="2026-08-11T08:27:32.3072740+07:00" endTime="2026-08-11T08:27:32.3362420+07:00" testType="13cdc9d9-ddb5-4fa4-a97d-d965ccfc6d4b" outcome="Passed" testListId="8c84fa94-04c1-424b-9868-57a2d4851a1d" relativeResultsDirectory="947e18d0-ad9d-4410-998a-80ad4465f607" />
    <UnitTestResult executionId="f3fa3543-78a5-41c7-ac89-1b64262f77ae" testId="37302e4d-3a1b-ec16-7964-a8c9a1a8f282" testName="EveryHomeOfTheLayerAgrees" computerName="Anatolys-MacBook-Air" duration="00:00:00.6312690" startTime="2026-08-11T08:27:34.5456820+07:00" endTime="2026-08-11T08:27:35.1769620+07:00" testType="13cdc9d9-ddb5-4fa4-a97d-d965ccfc6d4b" outcome="Passed" testListId="8c84fa94-04c1-424b-9868-57a2d4851a1d" relativeResultsDirectory="f3fa3543-78a5-41c7-ac89-1b64262f77ae" />
    <UnitTestResult executionId="00f269e9-67bb-4a75-b66b-d3d5db0dad8d" testId="87a640ac-5efb-1a20-d1e5-f7be10682726" testName="StartedSceneToleratesTheRingThatBlocksStarting" computerName="Anatolys-MacBook-Air" duration="00:00:01.1971610" startTime="2026-08-11T08:25:02.0460940+07:00" endTime="2026-08-11T08:25:03.2432770+07:00" testType="13cdc9d9-ddb5-4fa4-a97d-d965ccfc6d4b" outcome="Passed" testListId="8c84fa94-04c1-424b-9868-57a2d4851a1d" relativeResultsDirectory="00f269e9-67bb-4a75-b66b-d3d5db0dad8d" />
    <UnitTestResult executionId="d946540d-ed58-4f11-90b5-7f73d173c4d2" testId="81805e3b-efe8-f88e-408f-2e61322a90d8" testName="KeenerEyeSeesFurther" computerName="Anatolys-MacBook-Air" duration="00:00:00.3089270" startTime="2026-08-11T08:23:21.7791570+07:00" endTime="2026-08-11T08:23:22.0880890+07:00" testType="13cdc9d9-ddb5-4fa4-a97d-d965ccfc6d4b" outcome="Passed" testListId="8c84fa94-04c1-424b-9868-57a2d4851a1d" relativeResultsDirectory="d946540d-ed58-4f11-90b5-7f73d173c4d2" />
    <UnitTestResult executionId="9bf71bc8-0587-4946-b4fa-add558a61900" testId="379b0bfb-1e14-7864-51e8-7ff0188e4b22" testName="BottleCarriesItsNpcBackedWaterStateAndCannotMergeWithAnotherBottle" computerName="Anatolys-MacBook-Air" duration="00:00:05.3809020" startTime="2026-08-11T08:24:07.9666770+07:00" endTime="2026-08-11T08:24:13.3476780+07:00" testType="13cdc9d9-ddb5-4fa4-a97d-d965ccfc6d4b" outcome="Passed" testListId="8c84fa94-04c1-424b-9868-57a2d4851a1d" relativeResultsDirectory="9bf71bc8-0587-4946-b4fa-add558a61900" />
    <UnitTestResult executionId="8a8f67c4-af96-4c30-bb02-389fcf86bc8d" testId="1023d8c9-947e-4b8e-6634-1a1ca24ea871" testName="FilledGarmentCannotReplaceAnOccupiedWearSlot" computerName="Anatolys-MacBook-Air" duration="00:00:04.4638140" startTime="2026-08-11T08:24:41.2933130+07:00" endTime="2026-08-11T08:24:45.7572100+07:00" testType="13cdc9d9-ddb5-4fa4-a97d-d965ccfc6d4b" outcome="Passed" testListId="8c84fa94-04c1-424b-9868-57a2d4851a1d" relativeResultsDirectory="8a8f67c4-af96-4c30-bb02-389fcf86bc8d" />
    <UnitTestResult executionId="70729f2e-1efd-49b2-8a65-23c73b103918" testId="40276829-b8c6-e8df-acb3-2ec61bbc262a" testName="OccupiedCoconutIsNotFood" computerName="Anatolys-MacBook-Air" duration="00:00:00.2920370" startTime="2026-08-11T08:13:06.5287240+07:00" endTime="2026-08-11T08:13:06.8207630+07:00" testType="13cdc9d9-ddb5-4fa4-a97d-d965ccfc6d4b" outcome="Passed" testListId="8c84fa94-04c1-424b-9868-57a2d4851a1d" relativeResultsDirectory="70729f2e-1efd-49b2-8a65-23c73b103918" />
    <UnitTestResult executionId="4f0a5e2b-4cd6-4e95-9801-9658e838e1a2" testId="4e5d56e5-94c1-a811-932b-9a16d5dbef8c" testName="GuestLeavesOnlyWhenNobodyIsWatching" computerName="Anatolys-MacBook-Air" duration="00:00:00.9922590" startTime="2026-08-11T08:24:53.8930810+07:00" endTime="2026-08-11T08:24:54.8853580+07:00" testType="13cdc9d9-ddb5-4fa4-a97d-d965ccfc6d4b" outcome="Failed" testListId="8c84fa94-04c1-424b-9868-57a2d4851a1d" relativeResultsDirectory="4f0a5e2b-4cd6-4e95-9801-9658e838e1a2">
      <Output>
        <ErrorInfo>
          <Message>  вне поля зрения гость уходит
Assert.That(world.Mobs, Does.Not.Contain(guest))
  Expected: not some item equal to &lt;HexLive.Simulation.Wildlife.MobState&gt;
  But was:  &lt; &lt;HexLive.Simulation.Wildlife.MobState&gt;, &lt;HexLive.Simulation.Wildlife.MobState&gt; &gt;
</Message>
          <StackTrace>   at HexLive.Simulation.Tests.Behavior.RaidGuestTests.GuestLeavesOnlyWhenNobodyIsWatching() in /Volumes/ORICO/HexLive/Tests/HexLive.Simulation.Tests/Behavior/RaidGuestTests.cs:line 71

1)    at HexLive.Simulation.Tests.Behavior.RaidGuestTests.GuestLeavesOnlyWhenNobodyIsWatching() in /Volumes/ORICO/HexLive/Tests/HexLive.Simulation.Tests/Behavior/RaidGuestTests.cs:line 71

</StackTrace>
        </ErrorInfo>
      </Output>
    </UnitTestResult>
    <UnitTestResult executionId="b75b4e90-7cf3-4724-8c3e-6689061f0db0" testId="b2d053d9-ba74-c612-6e04-d11c70ea908e" testName="OldCameraFoliageCullingWasRemovedCompletely" computerName="Anatolys-MacBook-Air" duration="00:00:00.0179770" startTime="2026-08-11T08:27:01.7632380+07:00" endTime="2026-08-11T08:27:01.7812140+07:00" testType="13cdc9d9-ddb5-4fa4-a97d-d965ccfc6d4b" outcome="Passed" testListId="8c84fa94-04c1-424b-9868-57a2d4851a1d" relativeResultsDirectory="b75b4e90-7cf3-4724-8c3e-6689061f0db0" />
    <UnitTestResult executionId="58e4ca0c-006d-4e4d-bd19-3b330c2db7bc" testId="0c71b25f-78bf-318f-43e8-3d96988e19c9" testName="EveryHopIsTheTunedLengthOrShorter" computerName="Anatolys-MacBook-Air" duration="00:00:52.2048599" startTime="2026-08-11T08:17:25.7107970+07:00" endTime="2026-08-11T08:18:17.9502460+07:00" testType="13cdc9d9-ddb5-4fa4-a97d-d965ccfc6d4b" outcome="Passed" testListId="8c84fa94-04c1-424b-9868-57a2d4851a1d" relativeResultsDirectory="58e4ca0c-006d-4e4d-bd19-3b330c2db7bc" />
    <UnitTestResult executionId="af8727a7-aaed-4ad3-962b-acb426e4306d" testId="b54b05f1-e78a-84ca-ae8b-49603b94ddeb" testName="EveryTransportedPropertySurvivesRoundTrip" computerName="Anatolys-MacBook-Air" duration="00:00:00.4568060" startTime="2026-08-11T08:27:35.4410310+07:00" endTime="2026-08-11T08:27:35.8978460+07:00" testType="13cdc9d9-ddb5-4fa4-a97d-d965ccfc6d4b" outcome="Passed" testListId="8c84fa94-04c1-424b-9868-57a2d4851a1d" relativeResultsDirectory="af8727a7-aaed-4ad3-962b-acb426e4306d" />
    <UnitTestResult executionId="57f6a219-2fa3-4af2-a485-d5fcca4666f2" testId="589dc40b-a43f-60ef-4371-0309fff18fc8" testName="AllyWalksOutThroughClosedDoorAndClosesItBehind" computerName="Anatolys-MacBook-Air" duration="00:00:03.0479550" startTime="2026-08-11T08:13:41.9231110+07:00" endTime="2026-08-11T08:13:44.9710960+07:00" testType="13cdc9d9-ddb5-4fa4-a97d-d965ccfc6d4b" outcome="Passed" testListId="8c84fa94-04c1-424b-9868-57a2d4851a1d" relativeResultsDirectory="57f6a219-2fa3-4af2-a485-d5fcca4666f2" />
    <UnitTestResult executionId="d7d43b5f-18f3-4cf1-b9eb-29124427d5da" testId="2a77d755-4c9e-3395-fb78-154ee5212562" testName="OwnMedicalCrisis_EndsPlayDeadAndTrainsToughnessOnce" computerName="Anatolys-MacBook-Air" duration="00:00:01.0229830" startTime="2026-08-11T08:20:24.6371620+07:00" endTime="2026-08-11T08:20:25.6601640+07:00" testType="13cdc9d9-ddb5-4fa4-a97d-d965ccfc6d4b" outcome="Passed" testListId="8c84fa94-04c1-424b-9868-57a2d4851a1d" relativeResultsDirectory="d7d43b5f-18f3-4cf1-b9eb-29124427d5da" />
    <UnitTestResult executionId="40e80946-daec-429d-9620-ec2a3a8dfb03" testId="2ebbe94a-b545-a0fe-dbc0-d064eed9646f" testName="EveryBalanceConfigFieldResolvesToExactlyOneDeclaredTarget" computerName="Anatolys-MacBook-Air" duration="00:00:00.2092430" startTime="2026-08-11T08:26:44.6188720+07:00" endTime="2026-08-11T08:26:44.8281190+07:00" testType="13cdc9d9-ddb5-4fa4-a97d-d965ccfc6d4b" outcome="Passed" testListId="8c84fa94-04c1-424b-9868-57a2d4851a1d" relativeResultsDirectory="40e80946-daec-429d-9620-ec2a3a8dfb03" />
    <UnitTestResult executionId="86ee1878-8832-46b2-8ee1-37f8e0b468ad" testId="5121b5d5-69e8-70a1-7fb6-04eae12dc6ee" testName="FavoriteWeapon_StatsBeatTaste_MacheteAlwaysOverKnife" computerName="Anatolys-MacBook-Air" duration="00:00:00.0019360" startTime="2026-08-11T08:20:03.6891000+07:00" endTime="2026-08-11T08:20:03.6910350+07:00" testType="13cdc9d9-ddb5-4fa4-a97d-d965ccfc6d4b" outcome="Passed" testListId="8c84fa94-04c1-424b-9868-57a2d4851a1d" relativeResultsDirectory="86ee1878-8832-46b2-8ee1-37f8e0b468ad" />
    <UnitTestResult executionId="b335fb48-ae98-4753-b37c-ef3cb99e77df" testId="6e17e7e9-41f7-184e-445d-98fca325b0c4" testName="ReactiveGoalsAreActuallyAssignedBySystems" computerName="Anatolys-MacBook-Air" duration="00:00:00.0365010" startTime="2026-08-11T08:27:01.2268100+07:00" endTime="2026-08-11T08:27:01.2633120+07:00" testType="13cdc9d9-ddb5-4fa4-a97d-d965ccfc6d4b" outcome="Passed" testListId="8c84fa94-04c1-424b-9868-57a2d4851a1d" relativeResultsDirectory="b335fb48-ae98-4753-b37c-ef3cb99e77df" />
    <UnitTestResult executionId="635c58b8-0376-4c0e-a2d4-66748e78287c" testId="349eb60e-a8f1-dca6-2987-7b7d99484ff7" testName="CarriedBodyDoesNotRotOutOfSomeonesHands" computerName="Anatolys-MacBook-Air" duration="00:00:00.8923310" startTime="2026-08-11T08:13:19.1456820+07:00" endTime="2026-08-11T08:13:20.0380220+07:00" testType="13cdc9d9-ddb5-4fa4-a97d-d965ccfc6d4b" outcome="Passed" testListId="8c84fa94-04c1-424b-9868-57a2d4851a1d" relativeResultsDirectory="635c58b8-0376-4c0e-a2d4-66748e78287c" />
    <UnitTestResult executionId="8bcad3fa-1b9c-46fd-907a-ac500aa5cd89" testId="b56a9972-0514-b694-e695-6881fdb9e356" testName="AttackMediums_WolfLand_SharkWater_GateHonoursThem" computerName="Anatolys-MacBook-Air" duration="00:00:00.5272700" startTime="2026-08-11T08:26:36.3729270+07:00" endTime="2026-08-11T08:26:36.9002070+07:00" testType="13cdc9d9-ddb5-4fa4-a97d-d965ccfc6d4b" outcome="Passed" testListId="8c84fa94-04c1-424b-9868-57a2d4851a1d" relativeResultsDirectory="8bcad3fa-1b9c-46fd-907a-ac500aa5cd89" />
    <UnitTestResult executionId="ac280fbe-304d-4b21-bb93-cc3acc6295bc" testId="728c7a3d-d5b6-4a40-6d2c-030e192ee16b" testName="HotBody_CoolsQuicklyInWater_ThenDriftsBackToHotEnvironment" computerName="Anatolys-MacBook-Air" duration="00:00:00.0003700" startTime="2026-08-11T08:26:33.0959690+07:00" endTime="2026-08-11T08:26:33.0963390+07:00" testType="13cdc9d9-ddb5-4fa4-a97d-d965ccfc6d4b" outcome="Passed" testListId="8c84fa94-04c1-424b-9868-57a2d4851a1d" relativeResultsDirectory="ac280fbe-304d-4b21-bb93-cc3acc6295bc" />
    <UnitTestResult executionId="5dcc6d87-3977-466f-825b-7e10a0ccedd0" testId="8b7a5f70-1f5b-04d3-6e51-22bf1d72ac28" testName="WeaponSelection_FiltersTwoHandedAndAllWeaponsByUsableHands" computerName="Anatolys-MacBook-Air" duration="00:00:00.0010250" startTime="2026-08-11T08:17:19.3716910+07:00" endTime="2026-08-11T08:17:19.3727160+07:00" testType="13cdc9d9-ddb5-4fa4-a97d-d965ccfc6d4b" outcome="Passed" testListId="8c84fa94-04c1-424b-9868-57a2d4851a1d" relativeResultsDirectory="5dcc6d87-3977-466f-825b-7e10a0ccedd0" />
    <UnitTestResult executionId="cae74451-6b16-4c2d-9977-6b30f3a57233" testId="c10511cc-e856-4dad-3b5a-a4fbfae5d2fb" testName="ButJumpsWhenTheDetourIsGenuinelyLonger" computerName="Anatolys-MacBook-Air" duration="00:00:00.0039980" startTime="2026-08-11T08:23:02.8304850+07:00" endTime="2026-08-11T08:23:02.8344830+07:00" testType="13cdc9d9-ddb5-4fa4-a97d-d965ccfc6d4b" outcome="Passed" testListId="8c84fa94-04c1-424b-9868-57a2d4851a1d" relativeResultsDirectory="cae74451-6b16-4c2d-9977-6b30f3a57233" />
    <UnitTestResult executionId="1b58ce13-1576-4019-9a86-3aa83eeb17be" testId="7e044afa-b676-d956-6749-c05502e0dd2b" testName="RescueAuction_DoesNotSelectCryingCarrier_Bug99" computerName="Anatolys-MacBook-Air" duration="00:00:00.3058110" startTime="2026-08-11T08:26:24.4502750+07:00" endTime="2026-08-11T08:26:24.7560910+07:00" testType="13cdc9d9-ddb5-4fa4-a97d-d965ccfc6d4b" outcome="Passed" testListId="8c84fa94-04c1-424b-9868-57a2d4851a1d" relativeResultsDirectory="1b58ce13-1576-4019-9a86-3aa83eeb17be" />
    <UnitTestResult executionId="578b3d8f-8c70-4404-89e2-01522532ef7f" testId="192eb6ce-0e7b-afa3-c1c6-0303a3bcd5e3" testName="Treatment_StopsAtTheHealersSkillCeiling" computerName="Anatolys-MacBook-Air" duration="00:00:00.5531580" startTime="2026-08-11T08:15:01.4795620+07:00" endTime="2026-08-11T08:15:02.0327260+07:00" testType="13cdc9d9-ddb5-4fa4-a97d-d965ccfc6d4b" outcome="Passed" testListId="8c84fa94-04c1-424b-9868-57a2d4851a1d" relativeResultsDirectory="578b3d8f-8c70-4404-89e2-01522532ef7f" />
    <UnitTestResult executionId="b90d9a10-5762-4a78-b974-fa734e0affa2" testId="6cf68993-5933-666a-62d6-8d2adb3089ef" testName="CameraHasFrameFollowDetachAndUiAwareFit" computerName="Anatolys-MacBook-Air" duration="00:00:00.0157930" startTime="2026-08-11T08:27:01.5093130+07:00" endTime="2026-08-11T08:27:01.5251060+07:00" testType="13cdc9d9-ddb5-4fa4-a97d-d965ccfc6d4b" outcome="Failed" testListId="8c84fa94-04c1-424b-9868-57a2d4851a1d" relativeResultsDirectory="b90d9a10-5762-4a78-b974-fa734e0affa2">
      <Output>
        <ErrorInfo>
          <Message>  Assert.That(camera, Does.Contain("Mathf.Max(_requestedDistance, fit)"))
  Expected: String containing "Mathf.Max(_requestedDistance, fit)"
  But was:  "using System.Collections.Generic;
using HexLive.UnityPresentation.Bootstrap;
using HexLive.UnityPresentation.Rendering;
using HexLive.UnityPresentation.Spatial;
using UnityEngine;
using UnityEngine.InputSystem;
using HexLive.Simulation.Common;
using HexLive.Simulation.Debug;
using HexLive.Simulation.Spatial;

namespace HexLive.UnityPresentation.Input
{
    /// &lt;summary&gt;
    /// RTS-style camera built as a single orbit rig around a pivot. Only what
    /// the pivot is attached to changes:
    ///   • Free: the pivot is a loose point magnetised to the hex ground;
    ///     WASD slides it, while arrows/right-drag/two-finger horizontal
    ///     swipe rotate and scroll zooms.
    ///   • Orbit: click an NPC and the pivot follows their body exactly;
    ///     smoothing delays the catch-up but never changes its target. Escape
    ///     releases it where it settled — the angle,
    ///     distance and framing stay put instead of snapping back to a top-down
    ///     view.
    /// &lt;/summary&gt;
    [DisallowMultipleComponent]
    public sealed class RtsCameraController : MonoBehaviour
    {
        [Header("Runner")]
        [SerializeField] private SimulationRunnerBehaviour _runner;

        [Header("Start")]
        [SerializeField] private Vector3 _startPosition = new(4.3f, 9f, 3.36f);
        [SerializeField] private Vector3 _startRotation = new(90f, -180f, 0f);

        [Header("Pan")]
        [SerializeField] private float _panSpeed = 6f;
        [SerializeField] private float _panSmooth = 0.1f;

        [Header("Zoom")]
        [SerializeField] private float _minHeight = 3f;
        [SerializeField] private float _maxHeight = 20f;
        [SerializeField] private float _zoomSpeed = 1.5f;

        [Tooltip("Free-mode pitch ceiling. 90 = straight down (the classic RTS top view).")]
        [SerializeField] private float _freeMaxPitch = 90f;

        [Header("Orbit")]
        [SerializeField] private float _orbitDistance = 9f;
        [SerializeField] private float _orbitMinDistance = 0.7f; // close-up: face fills the frame
        [SerializeField] private float _orbitMaxDistance = 22f;
        [SerializeField] private float _orbitZoomSpeed = 4f;
        [SerializeField] private float _orbitRotationSpeed = 0.2f;
        [SerializeField] private float _orbitPitch = 25f;
        [SerializeField] private float _orbitMinPitch = 5f;
        [SerializeField] private float _orbitMaxPitch = 80f;
        [SerializeField] private float _orbitYaw = 0f;
        [SerializeField] private float _orbitPositionSmooth = 0.18f;
        [SerializeField] private float _orbitRotationSmooth = 0.08f;
        [SerializeField] private float _pickRadiusPixels = 70f;

        [Header("Keyboard rotation")]
        [SerializeField] private float _keyboardYawSpeed = 90f;
        [SerializeField] private float _keyboardPitchSpeed = 70f;

        [Header("Trackpad")]
        [Tooltip("Yaw degrees per horizontal scroll unit (two-finger swipe rotates like the arrow keys). Negative flips direction.")]
        [SerializeField] private float _scrollYawSpeed = 1.5f;

        [Header("Hex picking")]
        [SerializeField] private float _hexPickVerticalPadding = 0.04f;

        [Tooltip("Orbit pivot height above the NPC's feet, as a fraction of the hex radius (neck ≈ 0.62).")]
        [SerializeField] private float _orbitNeckFactor = 0.62f;

        [Tooltip("How smoothly the pivot catches up with the NPC. The NPC itself is always the target.")]
        [SerializeField] private float _orbitTargetSmooth = 0.18f;

        private enum Mode
        {
            Free,
            Orbit
        }

        private Mode _mode = Mode.Free;

        // Free-mode state: a loose pivot glued to the hex ground.
        private Vector3 _freePivot;

        // Shared rig state (both modes drive the same yaw/pitch/distance).
        // Smoothing happens in PARAMETER space — pivot, yaw, pitch and distance
        // each damp independently and the transform is computed exactly from
        // the rig equation. Smoothing the world position separately (the old
        // scheme) made the subject slide off-centre during rotation: the
        // desired position sweeps an arc while positional damping cuts the
        // chord.
        private float _currentYaw;
        private float _currentPitch;
        private float _currentDistance;
        private float _smoothedYaw;
        private float _smoothedPitch;
        private float _smoothedDistance;
        private float _yawVelocity;
        private float _pitchVelocity;
        private float _distanceVelocity;
        private float _requestedDistance;
        private Vector3 _smoothedPivot;
        private Vector3 _pivotVelocity;
        private bool _hasSmoothedPivot;

        // Orbit-mode state.
        private Vector3 _smoothedTarget;
        private bool _hasSmoothedTarget;
        private bool _pendingFrameSelection;

        // §123 selection marquee. A click is dispatched on release; once the
        // pointer travels beyond this threshold the same gesture becomes a
        // colony-only box selection instead of a manual move order.
        private const float SelectionDragThresholdPixels = 6f;
        private bool _leftPressActive;
        private bool _selectionDragging;
        private Vector2 _leftPressPosition;
        private Vector2 _selectionDragPosition;

        private Camera _camera;
        private HexWorldRenderer _worldRenderer;

        // Ground magnet: tile top heights, refreshed periodically so the free
        // pivot can hug elevation without rebuilding a snapshot every frame.
        private readonly Dictionary&lt;TileCoord, float&gt; _tileTops = new();
        private float _tileTopsStamp = float.NegativeInfinity;
        private const float TileTopsRefreshSeconds = 0.5f;

        private const float ElevationStep = 0.55f;
        // §112: full-3D distance from the lens to the nearest point of the
        // LeafGreen submesh bounds. The wider exit threshold prevents material
        // flicker, and the movement threshold avoids redundant palm scans.
        private const float PalmCrownHideDistance = 2.1f;
        private const float PalmCrownShowDistance = 2.5f;
        private const float PalmCrownCheckMovement = 0.1f;

        // §130: камера почти вплотную (мин. зум 0.7) — NPC на несколько
        // секунд смотрит в объектив. Вход/выход с гистерезисом, метры от
        // объектива до лица; пере-взгляд той же NPC не раньше кулдауна.
        private const float CloseUpGazeEnterDistance = 2.0f;
        private const float CloseUpGazeExitDistance = 2.6f;
        private const float CloseUpGazeSeconds = 5f;
        private const float CloseUpGazeCooldownSeconds = 30f;

        // §121: ручной ввод живёт рядом на той же камере и получает клик
        // первым. Ссылка ищется лениво — компонент навешивает бутстрап.
        private SimulationInputAdapter _manualInput;

        public void SetRunner(SimulationRunnerBehaviour runner)
        {
            _runner = runner;
        }

        private void Start()
        {
            _camera = GetComponent&lt;Camera&gt;();
            var palmVisibility = GetComponent&lt;CameraPalmCrownVisibility&gt;();
            if (palmVisibility == null)
            {
                palmVisibility = gameObject.AddComponent&lt;CameraPalmCrownVisibility&gt;();
            }

            palmVisibility.Construct(
                PalmCrownHideDistance,
                PalmCrownShowDistance,
                PalmCrownCheckMovement);

            var closeUpGaze = GetComponent&lt;CameraCloseUpGaze&gt;();
            if (closeUpGaze == null)
            {
                closeUpGaze = gameObject.AddComponent&lt;CameraCloseUpGaze&gt;();
            }

            closeUpGaze.Construct(
                CloseUpGazeEnterDistance,
                CloseUpGazeExitDistance,
                CloseUpGazeSeconds,
                CloseUpGazeCooldownSeconds);
            transform.position = _startPosition;
            transform.rotation = Quaternion.Euler(_startRotation);

            _currentYaw = _startRotation.y;
            _currentPitch = Mathf.Clamp(_startRotation.x, _orbitMinPitch, _freeMaxPitch);
            _smoothedYaw = _currentYaw;
            _smoothedPitch = _currentPitch;
            _currentDistance = Mathf.Clamp(_startPosition.y, _orbitMinDistance, _orbitMaxDistance);
            _requestedDistance = _currentDistance;
            _smoothedDistance = _currentDistance;

            // The start pose looks straight down, so the pivot is simply the
            // ground under the camera.
            _freePivot = SnapToGround(new Vector3(_startPosition.x, 0f, _startPosition.z));
        }

        private void OnEnable()
        {
            NpcSelection.SelectionChanged += OnSelectionChanged;
            NpcSelection.CameraRequested += OnCameraRequested;
        }

        private void OnDisable()
        {
            NpcSelection.SelectionChanged -= OnSelectionChanged;
            NpcSelection.CameraRequested -= OnCameraRequested;
        }

        // §123: selection no longer implies follow. Losing every selected actor
        // detaches; changing a non-empty set leaves the current camera mode in
        // place and the explicit CameraRequested event decides frame/follow.
        private void OnSelectionChanged(System.Collections.Generic.IReadOnlyList&lt;int&gt; selection)
        {
            if (!NpcSelection.HasSelection &amp;&amp; _mode == Mode.Orbit)
            {
                ExitOrbit();
            }
            else if (_mode == Mode.Orbit)
            {
                _hasSmoothedTarget = false;
            }
        }

        private void OnCameraRequested(NpcSelection.CameraRequest request)
        {
            if (!NpcSelection.HasSelection) return;
            if (request == NpcSelection.CameraRequest.Frame)
            {
                _pendingFrameSelection = true;
                return;
            }

            if (_mode == Mode.Orbit)
            {
                ExitOrbit();
            }
            else
            {
                EnterOrbitSelection();
            }
        }

        private void LateUpdate()
        {
            if (_runner == null)
            {
                _runner = FindAnyObjectByType&lt;SimulationRunnerBehaviour&gt;();
            }

            var keyboard = Keyboard.current;
            if (keyboard != null &amp;&amp; keyboard.escapeKey.wasPressedThisFrame)
            {
                if (UI.ContextMenuPanel.IsOpen)
                {
                    UI.ContextMenuPanel.Close();
                }
                else if (UI.LootTransferPanel.IsOpen)
                {
                    UI.LootTransferPanel.Close();
                }
                else
                {
                    NpcSelection.Clear();
                }
            }

            if (_mode == Mode.Orbit)
            {
                UpdateOrbit();
            }
            else
            {
                UpdateFree();
            }
        }

        // ---- Free mode -------------------------------------------------------

        private void UpdateFree()
        {
            var snapshot = _runner != null &amp;&amp; _runner.IsReady ? _runner.CreateSnapshot() : null;
            if (_pendingFrameSelection &amp;&amp; snapshot != null)
            {
                _pendingFrameSelection = false;
                FrameSelection(snapshot);
            }

            if (!UI.GameMenu.IsOpen &amp;&amp; !UI.EndSummaryPanel.IsOpen)
            {
                HandleFreePan();
                HandleZoom();
                HandleScrollYaw();
                HandleFreeRotation();
                HandlePointerGesture(snapshot);
            }

            _freePivot = SnapToGround(_freePivot);

            ApplyRig(_freePivot, _panSmooth, _panSmooth);
        }

        // Arrow keys pan only while the pivot is detached. Orbit routes the
        // same keys through HandleKeyboardRotation instead.
        private void HandleFreePan()
        {
            var keyboard = Keyboard.current;
            if (keyboard == null) return;

            var input = Vector2.zero;

            if (keyboard.wKey.isPressed) input.y += 1f;
            if (keyboard.sKey.isPressed) input.y -= 1f;
            if (keyboard.dKey.isPressed) input.x += 1f;
            if (keyboard.aKey.isPressed) input.x -= 1f;
            if (keyboard.upArrowKey.isPressed) input.y += 1f;
            if (keyboard.downArrowKey.isPressed) input.y -= 1f;
            if (keyboard.rightArrowKey.isPressed) input.x += 1f;
            if (keyboard.leftArrowKey.isPressed) input.x -= 1f;

            if (input.sqrMagnitude &lt; 0.001f) return;

            input = Vector2.ClampMagnitude(input, 1f);

            var heightFactor = Mathf.Lerp(0.5f, 1.5f, Mathf.InverseLerp(_minHeight, _maxHeight, _currentDistance));
            var speed = _panSpeed * heightFactor * Time.unscaledDeltaTime;

            // Slide the pivot along the camera's own ground axes so screen
            // right/up match the arrow pressed at any yaw (raw world X/Z would
            // invert as soon as the camera is turned around).
            var flat = Quaternion.Euler(0f, _smoothedYaw, 0f);
            var right = flat * Vector3.right;
            var up = flat * Vector3.forward; // screen-up projected on the ground

            var move = (right * input.x + up * input.y) * speed;
            _freePivot.x += move.x;
            _freePivot.z += move.z;
        }

        private void HandleZoom()
        {
            var mouse = Mouse.current;
            if (mouse == null) return;

            var scroll = mouse.scroll.ReadValue().y;
            if (Mathf.Abs(scroll) &lt; 0.01f) return;

            _currentDistance = Mathf.Clamp(
                _currentDistance - scroll * _zoomSpeed * 0.01f,
                _orbitMinDistance, _orbitMaxDistance);
            _requestedDistance = _currentDistance;
        }

        private void HandleKeyboardRotation(float maxPitch)
        {
            var keyboard = Keyboard.current;
            if (keyboard == null) return;

            var yaw = 0f;
            var pitch = 0f;
            if (keyboard.leftArrowKey.isPressed) yaw -= 1f;
            if (keyboard.rightArrowKey.isPressed) yaw += 1f;
            if (keyboard.upArrowKey.isPressed) pitch -= 1f;
            if (keyboard.downArrowKey.isPressed) pitch += 1f;
            if (Mathf.Abs(yaw) &lt; 0.01f &amp;&amp; Mathf.Abs(pitch) &lt; 0.01f) return;

            _currentYaw += yaw * _keyboardYawSpeed * Time.unscaledDeltaTime;
            _currentPitch = Mathf.Clamp(
                _currentPitch + pitch * _keyboardPitchSpeed * Time.unscaledDeltaTime,
                _orbitMinPitch, maxPitch);
        }

        // Трекпад: двухпальцевый горизонтальный свайп (scroll.x) крутит риг,
        // как стрелки, без нажатия кнопок. Вертикальная ось остаётся зумом.
        // Диагональный жест даёт зум и поворот одновременно — это штатное
        // поведение тачпада, дедзона сверх порога дребезга не нужна.
        private void HandleScrollYaw()
        {
            var mouse = Mouse.current;
            if (mouse == null) return;

            var scrollX = mouse.scroll.ReadValue().x;
            if (Mathf.Abs(scrollX) &lt; 0.01f) return;

            _currentYaw += scrollX * _scrollYawSpeed;
        }

        private void HandleFreeRotation()
        {
            var mouse = Mouse.current;
            if (mouse == null || !mouse.rightButton.isPressed) return;

            var delta = mouse.delta.ReadValue();
            _currentYaw += delta.x * _orbitRotationSpeed;
            _currentPitch -= delta.y * _orbitRotationSpeed;
            _currentPitch = Mathf.Clamp(_currentPitch, _orbitMinPitch, _freeMaxPitch);
        }

        // ---- Shared rig ------------------------------------------------------

        // Places the camera on its orbit around &lt;paramref name="pivot"/&gt;.
        // Every parameter damps on its own; the transform then sits EXACTLY on
        // the rig equation, so rotation can never desynchronise from position.
        private void ApplyRig(Vector3 pivot, float pivotSmooth, float distanceSmooth)
        {
            if (!_hasSmoothedPivot)
            {
                _smoothedPivot = pivot;
                _pivotVelocity = Vector3.zero;
                _hasSmoothedPivot = true;
            }
            else
            {
                _smoothedPivot = Vector3.SmoothDamp(
                    _smoothedPivot, pivot, ref _pivotVelocity, pivotSmooth,
                    Mathf.Infinity, Time.unscaledDeltaTime);
            }

            _smoothedYaw = Mathf.SmoothDampAngle(
                _smoothedYaw, _currentYaw, ref _yawVelocity, _orbitRotationSmooth,
                Mathf.Infinity, Time.unscaledDeltaTime);
            _smoothedPitch = Mathf.SmoothDampAngle(
                _smoothedPitch, _currentPitch, ref _pitchVelocity, _orbitRotationSmooth,
                Mathf.Infinity, Time.unscaledDeltaTime);
            _smoothedDistance = Mathf.SmoothDamp(
                _smoothedDistance, _currentDistance, ref _distanceVelocity,
                distanceSmooth, Mathf.Infinity, Time.unscaledDeltaTime);

            var rotation = Quaternion.Euler(_smoothedPitch, _smoothedYaw, 0f);

            // The character bar covers the bottom of the screen, so aiming the
            // pivot at the screen center hides the NPC's legs behind the UI.
            // Slide the frame down by half the bar's coverage: the pivot then
            // lands in the middle of the strip that stays visible above the bar.
            // With nothing selected the bar is hidden and the lift is zero.
            // Offsets derive from the SMOOTHED distance so the framing animates
            // in lockstep with the zoom instead of leading it.
            var uiLift = 0f;
            var uiSide = 0f;
            var coverage = NpcSelection.BottomUiCoverage;
            if (_camera != null &amp;&amp; coverage &gt; 0.001f)
            {
                var frustumHeight = 2f * _smoothedDistance *
                    Mathf.Tan(_camera.fieldOfView * 0.5f * Mathf.Deg2Rad);
                uiLift = frustumHeight * coverage * 0.5f;
            }

            var rightCoverage = NpcSelection.RightUiCoverage;
            if (_camera != null &amp;&amp; rightCoverage &gt; 0.001f)
            {
                var frustumHeight = 2f * _smoothedDistance *
                    Mathf.Tan(_camera.fieldOfView * 0.5f * Mathf.Deg2Rad);
                uiSide = frustumHeight * _camera.aspect * rightCoverage * 0.5f;
            }

            var desiredPosition = _smoothedPivot
                - rotation * Vector3.forward * _smoothedDistance
                - rotation * Vector3.up * uiLift
                + rotation * Vector3.right * uiSide;

            transform.SetPositionAndRotation(desiredPosition, rotation);
        }

        // ---- Ground magnet ---------------------------------------------------

        // Drops a pivot onto the top of the hex it stands over. Water tiles
        // magnetise to their surface, so the pivot never sinks under the sea.
        private Vector3 SnapToGround(Vector3 pivot)
        {
            RefreshTileTops();
            if (_tileTops.TryGetValue(WorldToTile(pivot.x, pivot.z), out var top))
            {
                pivot.y = top;
            }

            return pivot;
        }

        private void RefreshTileTops()
        {
            if (Time.unscaledTime - _tileTopsStamp &lt; TileTopsRefreshSeconds)
            {
                return;
            }

            var snapshot = _runner != null &amp;&amp; _runner.IsReady ? _runner.CreateSnapshot() : null;
            if (snapshot == null || snapshot.Tiles.Count == 0)
            {
                return;
            }

            _tileTopsStamp = Time.unscaledTime;
            _tileTops.Clear();
            for (var i = 0; i &lt; snapshot.Tiles.Count; i++)
            {
                var tile = snapshot.Tiles[i];
                _tileTops[tile.Coord] = TileTopY(tile);
            }
        }

        // Inverse of HexSpatialMath.TileToWorld plus cube rounding.
        private static TileCoord WorldToTile(float x, float z)
        {
            var r = z / (HexSpatialMath.HexRadius * HexSpatialMath.HexRowStepFactor);
            var q = x / (HexSpatialMath.HexRadius * HexSpatialMath.HexWidthFactor) - r * 0.5f;
            var s = -q - r;

            var rq = Mathf.RoundToInt(q);
            var rr = Mathf.RoundToInt(r);
            var rs = Mathf.RoundToInt(s);

            var dq = Mathf.Abs(rq - q);
            var dr = Mathf.Abs(rr - r);
            var ds = Mathf.Abs(rs - s);

            if (dq &gt; dr &amp;&amp; dq &gt; ds)
            {
                rq = -rr - rs;
            }
            else if (dr &gt; ds)
            {
                rr = -rq - rs;
            }

            return new TileCoord(rq, rr);
        }

        private void HandlePointerGesture(WorldSnapshot snapshot)
        {
            var mouse = Mouse.current;
            if (mouse == null) return;

            var pointer = mouse.position.ReadValue();
            if (mouse.leftButton.wasPressedThisFrame)
            {
                _leftPressActive = !PointerBlockedForWorld();
                _selectionDragging = false;
                _leftPressPosition = pointer;
                _selectionDragPosition = pointer;
            }

            if (_leftPressActive &amp;&amp; mouse.leftButton.isPressed)
            {
                _selectionDragPosition = pointer;
                if (!_selectionDragging &amp;&amp;
                    Vector2.Distance(_leftPressPosition, pointer) &gt;= SelectionDragThresholdPixels)
                {
                    _selectionDragging = true;
                }
            }

            if (!_leftPressActive || !mouse.leftButton.wasReleasedThisFrame)
            {
                return;
            }

            _leftPressActive = false;
            _selectionDragPosition = pointer;
            if (_selectionDragging)
            {
                _selectionDragging = false;
                ApplyMarqueeSelection(snapshot, _leftPressPosition, pointer);
                return;
            }

            TryHandleLeftClick(pointer, snapshot);
        }

        private static bool PointerBlockedForWorld() =&gt;
            NpcSelection.PointerOverUi || UI.HexInspectorPanel.PointerOverPanel ||
            UI.ContextMenuPanel.PointerOverPanel || UI.LootTransferPanel.IsOpen ||
            UI.GameMenu.IsOpen ||
            UI.EndSummaryPanel.IsOpen;

        private void ApplyMarqueeSelection(WorldSnapshot snapshot, Vector2 from, Vector2 to)
        {
            if (snapshot == null || _camera == null) return;
            var minX = Mathf.Min(from.x, to.x);
            var maxX = Mathf.Max(from.x, to.x);
            var minY = Mathf.Min(from.y, to.y);
            var maxY = Mathf.Max(from.y, to.y);
            var ids = new List&lt;int&gt;();
            foreach (var npc in snapshot.Npcs)
            {
                if (npc.Faction != HexLive.Simulation.Agents.Faction.Colony || npc.Health &lt;= 0f)
                {
                    continue;
                }

                var world = SimulationUnityMapper.ToUnityPosition(
                    npc.Position, SimulationUnityMapper.CameraTargetHeight);
                var screen = _camera.WorldToScreenPoint(world);
                if (screen.z &gt; 0f &amp;&amp; screen.x &gt;= minX &amp;&amp; screen.x &lt;= maxX &amp;&amp;
                    screen.y &gt;= minY &amp;&amp; screen.y &lt;= maxY)
                {
                    ids.Add(npc.Id.Value);
                }
            }

            ids.Sort();
            var add = Keyboard.current != null &amp;&amp;
                (Keyboard.current.leftShiftKey.isPressed || Keyboard.current.rightShiftKey.isPressed);
            if (add) NpcSelection.AddMany(ids);
            else NpcSelection.ReplaceMany(ids);
        }

        private void OnGUI()
        {
            if (!_selectionDragging) return;
            var x = Mathf.Min(_leftPressPosition.x, _selectionDragPosition.x);
            var width = Mathf.Abs(_selectionDragPosition.x - _leftPressPosition.x);
            var bottom = Mathf.Min(_leftPressPosition.y, _selectionDragPosition.y);
            var height = Mathf.Abs(_selectionDragPosition.y - _leftPressPosition.y);
            var rect = new Rect(x, Screen.height - bottom - height, width, height);

            var previous = GUI.color;
            GUI.color = new Color(0.25f, 0.68f, 1f, 0.16f);
            GUI.DrawTexture(rect, Texture2D.whiteTexture);
            GUI.color = new Color(0.35f, 0.75f, 1f, 0.9f);
            GUI.DrawTexture(new Rect(rect.x, rect.y, rect.width, 1f), Texture2D.whiteTexture);
            GUI.DrawTexture(new Rect(rect.x, rect.yMax - 1f, rect.width, 1f), Texture2D.whiteTexture);
            GUI.DrawTexture(new Rect(rect.x, rect.y, 1f, rect.height), Texture2D.whiteTexture);
            GUI.DrawTexture(new Rect(rect.xMax - 1f, rect.y, 1f, rect.height), Texture2D.whiteTexture);
            GUI.color = previous;
        }

        // Left-click first tries an NPC, then falls back to the map hex under
        // the cursor. Dispatch happens on release so the same press can become
        // a selection marquee without also issuing a move order.
        private void TryHandleLeftClick(Vector2 mousePosition, WorldSnapshot snapshot = null)
        {
            if (PointerBlockedForWorld()) return;

            var shift = Keyboard.current != null &amp;&amp;
                (Keyboard.current.leftShiftKey.isPressed || Keyboard.current.rightShiftKey.isPressed);

            // Shift-picking own actors is a selection gesture even when manual
            // input would otherwise open an action menu.
            if (shift &amp;&amp; TryPickNpc(mousePosition, snapshot, additiveOnly: true))
            {
                HexSelection.Clear();
                return;
            }

            // §121: пока выбранной колонисткой управляет игрок, тот же клик
            // значит другое — идти, открыть меню действий, закрыть открытое.
            // Съеденный клик до обычной обработки не доходит.
            if (_manualInput == null)
            {
                _manualInput = GetComponent&lt;SimulationInputAdapter&gt;();
            }

            if (_manualInput != null &amp;&amp; _manualInput.TryHandleManualClick(mousePosition))
            {
                return;
            }

            if (TryPickNpc(mousePosition, snapshot))
            {
                HexSelection.Clear();
                return;
            }

            if (HexSelection.Enabled &amp;&amp; TryPickHex(mousePosition, out var coord, snapshot))
            {
                HexSelection.Select(coord);
            }
        }

        // Left-click on an NPC -&gt; enter orbit mode.
        private bool TryPickNpc(
            Vector2 mousePos, WorldSnapshot currentSnapshot = null, bool additiveOnly = false)
        {
            if (_camera == null)
            {
                _camera = GetComponent&lt;Camera&gt;();
                if (_camera == null) return false;
            }

            var snapshot = currentSnapshot ??
                (_runner != null &amp;&amp; _runner.IsReady ? _runner.CreateSnapshot() : null);
            if (snapshot == null ||
                (snapshot.Npcs.Count == 0 &amp;&amp; snapshot.Corpses.Count == 0))
            {
                return false;
            }

            // Pick the animated visual geometry first. The old screen-space
            // radius was centred on the feet, so a click on a head, arm or a
            // prone body failed as soon as the camera angle changed. Bounds are
            // derived from the live renderers and tested only on a click — no
            // permanent mesh colliders or per-frame skinned-mesh baking.
            if (_worldRenderer == null)
            {
                _worldRenderer = FindAnyObjectByType&lt;HexWorldRenderer&gt;();
            }

            if (_worldRenderer != null)
            {
                var ray = _camera.ScreenPointToRay(mousePos);
                var nearestViewDistance = float.PositiveInfinity;
                var viewHitId = -1;

                foreach (var npc in PickablePeople(snapshot))
                {
                    if (!_worldRenderer.TryGetActorView(npc.Id.Value, out var view) ||
                        !view.TryRaycastVisibleGeometry(ray, nearestViewDistance, out var hitDistance))
                    {
                        continue;
                    }

                    nearestViewDistance = hitDistance;
                    viewHitId = npc.Id.Value;
                }

                if (viewHitId &gt;= 0)
                {
                    return ApplyNpcPick(snapshot, viewHitId, additiveOnly);
                }
            }

            // A just-spawned actor may not have completed its visual setup yet,
            // and prototype scenes still use primitive NPC views. Preserve the
            // point-radius fallback for those cases only.
            var bestId = -1;
            var bestDist = _pickRadiusPixels;

            foreach (var npc in PickablePeople(snapshot))
            {
                var world = SimulationUnityMapper.ToUnityPosition(
                    npc.Position, SimulationUnityMapper.CameraTargetHeight);
                var screen = _camera.WorldToScreenPoint(world);
                if (screen.z &lt;= 0f)
                {
                    continue; // behind the camera
                }

                var dist = Vector2.Distance(new Vector2(screen.x, screen.y), mousePos);
                if (dist &lt; bestDist)
                {
                    bestDist = dist;
                    bestId = npc.Id.Value;
                }
            }

            if (bestId &gt;= 0)
            {
                return ApplyNpcPick(snapshot, bestId, additiveOnly);
            }

            return false;
        }

        private static bool ApplyNpcPick(WorldSnapshot snapshot, int npcId, bool additiveOnly)
        {
            foreach (var npc in snapshot.Npcs)
            {
                if (npc.Id.Value != npcId) continue;
                var shift = Keyboard.current != null &amp;&amp;
                    (Keyboard.current.leftShiftKey.isPressed || Keyboard.current.rightShiftKey.isPressed);
                if ((additiveOnly || shift) &amp;&amp;
                    npc.Faction == HexLive.Simulation.Agents.Faction.Colony &amp;&amp; npc.Health &gt; 0f)
                {
                    NpcSelection.Toggle(npcId);
                    return true;
                }

                if (additiveOnly) return false;
                // Outsiders are always exclusive by construction.
                NpcSelection.Activate(npcId);
                return true;
            }

            foreach (var corpse in snapshot.Corpses)
            {
                if (corpse.Id.Value != npcId) continue;
                if (additiveOnly) return false;
                NpcSelection.Activate(npcId);
                return true;
            }

            return false;
        }

        private static IEnumerable&lt;NpcSnapshot&gt; PickablePeople(WorldSnapshot snapshot)
        {
            foreach (var npc in snapshot.Npcs) yield return npc;
            foreach (var corpse in snapshot.Corpses) yield return corpse;
        }

        private bool TryPickHex(
            Vector2 mousePos,
            out HexLive.Simulation.Common.TileCoord coord,
            WorldSnapshot currentSnapshot = null)
        {
            coord = default;

            if (_camera == null)
            {
                _camera = GetComponent&lt;Camera&gt;();
                if (_camera == null) return false;
            }

            var snapshot = currentSnapshot ??
                (_runner != null &amp;&amp; _runner.IsReady ? _runner.CreateSnapshot() : null);
            if (snapshot == null || snapshot.Tiles.Count == 0)
            {
                return false;
            }

            var ray = _camera.ScreenPointToRay(mousePos);
            if (Mathf.Abs(ray.direction.y) &lt; 0.0001f)
            {
                return false;
            }

            var bestT = float.PositiveInfinity;
            var found = false;
            for (var i = 0; i &lt; snapshot.Tiles.Count; i++)
            {
                var tile = snapshot.Tiles[i];
                var topY = TileTopY(tile);
                var t = (topY + _hexPickVerticalPadding - ray.origin.y) / ray.direction.y;
                if (t &lt;= 0f || t &gt;= bestT)
                {
                    continue;
                }

                var hit = ray.origin + ray.direction * t;
                if (!PointInsideHex(hit.x, hit.z, tile.Coord))
                {
                    continue;
                }

                bestT = t;
                coord = tile.Coord;
                found = true;
            }

            return found;
        }

        private static float TileTopY(TileSnapshot tile)
        {
            var y = SimulationUnityMapper.TileHeight + tile.Elevation * ElevationStep;
            return tile.Water ? y + ElevationStep * Rendering.SwimVisuals.SurfaceStepOffset : y;
        }

        private static bool PointInsideHex(float x, float z, HexLive.Simulation.Common.TileCoord coord)
        {
            var center = HexSpatialMath.TileToWorld(coord);
            var dx = Mathf.Abs(x - center.X);
            var dz = Mathf.Abs(z - center.Y);
            var radius = HexSpatialMath.HexRadius;
            return dz &lt;= radius &amp;&amp;
                HexSpatialMath.Sqrt3 * dx + dz &lt;= HexSpatialMath.Sqrt3 * radius;
        }

        // ---- Orbit mode ------------------------------------------------------

        private void EnterOrbitSelection()
        {
            _mode = Mode.Orbit;
            _requestedDistance = Mathf.Clamp(_currentDistance, _orbitMinDistance, _orbitMaxDistance);
            _hasSmoothedTarget = false;
            // _smoothedPivot deliberately survives the transition: pivot
            // smoothing is what glides the camera from the ground point to the
            // NPC on orbit entry.
        }

        private void FrameSelection(WorldSnapshot snapshot)
        {
            if (!TryGetSelectionFrame(snapshot, out var center, out var radius))
            {
                return;
            }

            _freePivot = SnapToGround(center);
            var fit = FitDistance(radius);
            _requestedDistance = fit;
            _currentDistance = fit;
            _pivotVelocity = Vector3.zero;
        }

        private bool TryGetSelectionFrame(
            WorldSnapshot snapshot, out Vector3 center, out float radius)
        {
            center = Vector3.zero;
            radius = 0f;
            var min = new Vector3(float.PositiveInfinity, float.PositiveInfinity, float.PositiveInfinity);
            var max = new Vector3(float.NegativeInfinity, float.NegativeInfinity, float.NegativeInfinity);
            var found = 0;
            var ids = NpcSelection.SelectedIds;
            for (var i = 0; i &lt; ids.Count; i++)
            {
                if (!TryGetOrbitTarget(snapshot, ids[i], out var target)) continue;
                min = Vector3.Min(min, target);
                max = Vector3.Max(max, target);
                found++;
            }

            if (found == 0) return false;
            center = (min + max) * 0.5f;
            var extent = max - min;
            radius = Mathf.Max(0.65f, 0.5f * Mathf.Sqrt(
                extent.x * extent.x + extent.y * extent.y + extent.z * extent.z) + 0.75f);
            return true;
        }

        private float FitDistance(float radius)
        {
            _camera ??= GetComponent&lt;Camera&gt;();
            if (_camera == null) return Mathf.Clamp(_orbitDistance, _orbitMinDistance, _orbitMaxDistance);

            var visibleHeight = Mathf.Clamp(1f - NpcSelection.BottomUiCoverage, 0.35f, 1f);
            var visibleWidth = Mathf.Clamp(1f - NpcSelection.RightUiCoverage, 0.35f, 1f);
            var verticalHalf = Mathf.Atan(
                Mathf.Tan(_camera.fieldOfView * 0.5f * Mathf.Deg2Rad) * visibleHeight);
            var horizontalHalf = Mathf.Atan(
                Mathf.Tan(_camera.fieldOfView * 0.5f * Mathf.Deg2Rad) *
                _camera.aspect * visibleWidth);
            var limitingHalf = Mathf.Max(5f * Mathf.Deg2Rad,
                Mathf.Min(verticalHalf, horizontalHalf));
            var fit = radius / Mathf.Tan(limitingHalf) + 1.25f;
            return Mathf.Clamp(Mathf.Max(_orbitDistance, fit), _orbitMinDistance, _orbitMaxDistance);
        }

        /// &lt;summary&gt;
        /// Place the rig on the selected NPC immediately. The opening world is
        /// intentionally paused, so SmoothDamp (scaled delta time) cannot move
        /// the camera before the loading curtain fades.
        /// &lt;/summary&gt;
        public bool SnapToSelectedTarget()
        {
            if (!NpcSelection.HasSelection)
            {
                return false;
            }

            var snapshot = _runner != null &amp;&amp; _runner.IsReady ? _runner.CreateSnapshot() : null;
            if (snapshot == null || !TryGetSelectionFrame(snapshot, out var target, out var radius))
            {
                return false;
            }

            _mode = Mode.Free;
            _camera ??= GetComponent&lt;Camera&gt;();
            _freePivot = SnapToGround(target);
            _requestedDistance = FitDistance(radius);
            _currentDistance = _requestedDistance;
            _smoothedYaw = _currentYaw;
            _smoothedPitch = _currentPitch;
            _yawVelocity = 0f;
            _pitchVelocity = 0f;
            // Snap every smoothed parameter: the next LateUpdate must
            // reproduce this exact pose with zero first-frame glide.
            _smoothedPivot = _freePivot;
            _hasSmoothedPivot = true;
            _pivotVelocity = Vector3.zero;
            _smoothedDistance = _currentDistance;
            _distanceVelocity = 0f;

            var rotation = Quaternion.Euler(_smoothedPitch, _smoothedYaw, 0f);
            var uiLift = 0f;
            var uiSide = 0f;
            var coverage = NpcSelection.BottomUiCoverage;
            if (_camera != null &amp;&amp; coverage &gt; 0.001f)
            {
                var frustumHeight = 2f * _currentDistance *
                    Mathf.Tan(_camera.fieldOfView * 0.5f * Mathf.Deg2Rad);
                uiLift = frustumHeight * coverage * 0.5f;
            }

            if (_camera != null &amp;&amp; NpcSelection.RightUiCoverage &gt; 0.001f)
            {
                var frustumHeight = 2f * _currentDistance *
                    Mathf.Tan(_camera.fieldOfView * 0.5f * Mathf.Deg2Rad);
                uiSide = frustumHeight * _camera.aspect * NpcSelection.RightUiCoverage * 0.5f;
            }

            transform.SetPositionAndRotation(
                _freePivot - rotation * Vector3.forward * _currentDistance -
                rotation * Vector3.up * uiLift + rotation * Vector3.right * uiSide,
                rotation);
            return true;
        }

        private void ExitOrbit()
        {
            _mode = Mode.Free;
            // Deselecting only unhooks the pivot from the character: it stays
            // exactly where they stood (magnetised to that hex's ground) and
            // the angle, distance and framing are left untouched, so the view
            // does not fly back up to a top-down shot. _orbitDistance is NOT
            // updated here: FitDistance floors explicit Frame requests with it,
            // and mutating it would turn the last free-camera height into a
            // creeping zoom minimum.
            _requestedDistance = _currentDistance;
            var pivot = _hasSmoothedTarget ? _smoothedTarget : transform.position;
            _freePivot = SnapToGround(new Vector3(pivot.x, pivot.y, pivot.z));
            _pivotVelocity = Vector3.zero;
        }

        private void UpdateOrbit()
        {
            var snapshot = _runner != null &amp;&amp; _runner.IsReady ? _runner.CreateSnapshot() : null;
            if (snapshot == null)
            {
                return;
            }

            if (HasPanInput())
            {
                ExitOrbit();
                UpdateFree();
                return;
            }

            HandlePointerGesture(snapshot);

            if (!TryGetSelectionFrame(snapshot, out var rawTarget, out var radius))
            {
                NpcSelection.Clear();
                return;
            }

            // The NPC itself is the exact target every frame; ApplyRig's pivot
            // smoothing owns the catch-up.
            _smoothedTarget = rawTarget;
            _hasSmoothedTarget = true;

            // Auto-framing (fit) applies ONLY on an explicit Frame request —
            // it must never act as a per-frame floor, or scroll could no longer
            // reach the close-up minimum.
            if (_pendingFrameSelection)
            {
                _pendingFrameSelection = false;
                _requestedDistance = FitDistance(radius);
            }

            HandleOrbitInput();
            HandleKeyboardRotation(_orbitMaxPitch);
            HandleScrollYaw();

            _currentDistance = Mathf.Clamp(
                _requestedDistance, _orbitMinDistance, _orbitMaxDistance);

            _currentPitch = Mathf.Clamp(_currentPitch, _orbitMinPitch, _orbitMaxPitch);
            ApplyRig(_smoothedTarget, _orbitTargetSmooth, _orbitPositionSmooth);
        }

        private static bool HasPanInput()
        {
            var keyboard = Keyboard.current;
            return keyboard != null &amp;&amp; (keyboard.wKey.isPressed || keyboard.aKey.isPressed ||
                keyboard.sKey.isPressed || keyboard.dKey.isPressed);
        }

        private void HandleOrbitInput()
        {
            var mouse = Mouse.current;
            if (mouse == null)
            {
                return;
            }

            var scroll = mouse.scroll.ReadValue().y;
            if (Mathf.Abs(scroll) &gt; 0.001f)
            {
                // Proportional zoom: fine steps up close, big sweeps far out.
                var step = _orbitZoomSpeed * 0.01f * Mathf.Max(0.15f, _currentDistance / 9f);
                _requestedDistance = Mathf.Clamp(
                    _requestedDistance - scroll * step,
                    _orbitMinDistance, _orbitMaxDistance);
            }

            if (!mouse.rightButton.isPressed)
            {
                return;
            }

            var delta = mouse.delta.ReadValue();
            _currentYaw += delta.x * _orbitRotationSpeed;
            _currentPitch -= delta.y * _orbitRotationSpeed;
            _currentPitch = Mathf.Clamp(_currentPitch, _orbitMinPitch, _orbitMaxPitch);
        }

        // The orbit pivot follows the actor root, not animated hip/head bones.
        // Otherwise breathing and transitions into sitting/lying move the
        // camera target even while the NPC has not moved in the world, which
        // reads as framing being reset. The canonical neck offset is stable for
        // every pose; snapshot position remains the loading fallback.
        private bool TryGetOrbitTarget(
            HexLive.Simulation.Debug.WorldSnapshot snapshot, int npcId, out Vector3 target)
        {
            var neck = SimulationUnityMapper.HexRadius * _orbitNeckFactor;

            if (_worldRenderer == null)
            {
                _worldRenderer = FindAnyObjectByType&lt;HexWorldRenderer&gt;();
            }

            if (_worldRenderer != null &amp;&amp; _worldRenderer.TryGetNpcViewPosition(npcId, out var viewPos))
            {
                target = viewPos + Vector3.up * neck;
                return true;
            }

            foreach (var npc in snapshot.Npcs)
            {
                if (npc.Id.Value == npcId)
                {
                    target = SimulationUnityMapper.ToUnityPosition(
                        npc.Position, SimulationUnityMapper.TileHeight + neck);
                    return true;
                }
            }


            foreach (var corpse in snapshot.Corpses)
            {
                if (corpse.Id.Value == npcId)
                {
                    target = SimulationUnityMapper.ToUnityPosition(
                        corpse.Position, SimulationUnityMapper.TileHeight + neck);
                    return true;
                }
            }

            target = Vector3.zero;
            return false;
        }

    }
}
"
</Message>
          <StackTrace>   at HexLive.Simulation.Tests.Gates.GroupSelectionUiContractTests.CameraHasFrameFollowDetachAndUiAwareFit() in /Volumes/ORICO/HexLive/Tests/HexLive.Simulation.Tests/Gates/GroupSelectionUiContractTests.cs:line 56

1)    at HexLive.Simulation.Tests.Gates.GroupSelectionUiContractTests.&lt;&gt;c__DisplayClass3_0.&lt;CameraHasFrameFollowDetachAndUiAwareFit&gt;b__0() in /Volumes/ORICO/HexLive/Tests/HexLive.Simulation.Tests/Gates/GroupSelectionUiContractTests.cs:line 61
   at NUnit.Framework.Assert.Multiple(TestDelegate testDelegate)
   at HexLive.Simulation.Tests.Gates.GroupSelectionUiContractTests.CameraHasFrameFollowDetachAndUiAwareFit() in /Volumes/ORICO/HexLive/Tests/HexLive.Simulation.Tests/Gates/GroupSelectionUiContractTests.cs:line 56

</StackTrace>
        </ErrorInfo>
      </Output>
    </UnitTestResult>
    <UnitTestResult executionId="ca7bfb0f-1857-4f6b-a446-6bd678867120" testId="d1aee9dc-7913-d162-1d94-fcab6e18cd3f" testName="DoorApiClosesOnePortalReopensItAndPersistsTheState" computerName="Anatolys-MacBook-Air" duration="00:00:00.6188160" startTime="2026-08-11T08:13:09.2853910+07:00" endTime="2026-08-11T08:13:09.9042130+07:00" testType="13cdc9d9-ddb5-4fa4-a97d-d965ccfc6d4b" outcome="Passed" testListId="8c84fa94-04c1-424b-9868-57a2d4851a1d" relativeResultsDirectory="ca7bfb0f-1857-4f6b-a446-6bd678867120" />
    <UnitTestResult executionId="fc51bf6b-b0cc-4019-95b5-e61ca805100c" testId="2a79e859-c591-2a39-b6cb-e8fb154ddd08" testName="EveryWhitelistedTypeIsActuallyEmitted" computerName="Anatolys-MacBook-Air" duration="00:00:00.6232730" startTime="2026-08-11T08:27:00.3238040+07:00" endTime="2026-08-11T08:27:00.9470890+07:00" testType="13cdc9d9-ddb5-4fa4-a97d-d965ccfc6d4b" outcome="Passed" testListId="8c84fa94-04c1-424b-9868-57a2d4851a1d" relativeResultsDirectory="fc51bf6b-b0cc-4019-95b5-e61ca805100c">
      <Output>
        <StdOut>Эмитятся через хелпер или параметр — имя есть, но не в самой точке эмита (1):
  GroupHuntStruck</StdOut>
      </Output>
    </UnitTestResult>
    <UnitTestResult executionId="e83a4346-c1a7-44a0-8bd5-27cb34a57de4" testId="9fef3dd8-1506-fc84-6164-99c950084246" testName="TwoGoalsTradingPlacesIsReported" computerName="Anatolys-MacBook-Air" duration="00:00:00.8493250" startTime="2026-08-11T08:20:44.5335150+07:00" endTime="2026-08-11T08:20:45.3828550+07:00" testType="13cdc9d9-ddb5-4fa4-a97d-d965ccfc6d4b" outcome="Passed" testListId="8c84fa94-04c1-424b-9868-57a2d4851a1d" relativeResultsDirectory="e83a4346-c1a7-44a0-8bd5-27cb34a57de4" />
    <UnitTestResult executionId="f2b3ae88-f3c0-4b47-8cbd-b2bdf26dd756" testId="da26639d-df57-bd8d-e954-af41fe6e4b4a" testName="ExporterCarriesDerivedInventoryContainersWithoutCreatingASecondStore" computerName="Anatolys-MacBook-Air" duration="00:00:00.3581490" startTime="2026-08-11T08:27:30.9672310+07:00" endTime="2026-08-11T08:27:31.3253860+07:00" testType="13cdc9d9-ddb5-4fa4-a97d-d965ccfc6d4b" outcome="Passed" testListId="8c84fa94-04c1-424b-9868-57a2d4851a1d" relativeResultsDirectory="f2b3ae88-f3c0-4b47-8cbd-b2bdf26dd756" />
    <UnitTestResult executionId="1dd07f85-ff0e-45c7-8774-9721522050d4" testId="fb56bf00-e203-ffef-4d53-22b3273b8a18" testName="HutYawSnapsToPointyTopHexSymmetries(29.0f,0.0f)" computerName="Anatolys-MacBook-Air" duration="00:00:00.0010110" startTime="2026-08-11T08:13:12.2797580+07:00" endTime="2026-08-11T08:13:12.2807690+07:00" testType="13cdc9d9-ddb5-4fa4-a97d-d965ccfc6d4b" outcome="Failed" testListId="8c84fa94-04c1-424b-9868-57a2d4851a1d" relativeResultsDirectory="1dd07f85-ff0e-45c7-8774-9721522050d4">
      <Output>
        <ErrorInfo>
          <Message>  Assert.That(StructurePlacement.QuantizeHexSymmetryYaw(requested), Is.EqualTo(expected).Within(0.001f))
  Expected: 0.0f +/- 0.00100000005f
  But was:  360.0f
  Off by:   -360.0d
</Message>
          <StackTrace>   at HexLive.Simulation.Tests.Behavior.BuildingConstructionTests.HutYawSnapsToPointyTopHexSymmetries(Single requested, Single expected) in /Volumes/ORICO/HexLive/Tests/HexLive.Simulation.Tests/Behavior/BuildingConstructionTests.cs:line 421
   at InvokeStub_BuildingConstructionTests.HutYawSnapsToPointyTopHexSymmetries(Object, Span`1)

1)    at HexLive.Simulation.Tests.Behavior.BuildingConstructionTests.HutYawSnapsToPointyTopHexSymmetries(Single requested, Single expected) in /Volumes/ORICO/HexLive/Tests/HexLive.Simulation.Tests/Behavior/BuildingConstructionTests.cs:line 421
   at InvokeStub_BuildingConstructionTests.HutYawSnapsToPointyTopHexSymmetries(Object, Span`1)

</StackTrace>
        </ErrorInfo>
      </Output>
    </UnitTestResult>
    <UnitTestResult executionId="4b5c27f6-32a4-4a4b-b517-99d5977b63f7" testId="24b3ba38-df85-8d24-47c3-5cd2def74736" testName="EnvironmentMapping_UsesSignedBodyScale(19.0f,0.0f)" computerName="Anatolys-MacBook-Air" duration="00:00:00.0000120" startTime="2026-08-11T08:26:33.0955260+07:00" endTime="2026-08-11T08:26:33.0955380+07:00" testType="13cdc9d9-ddb5-4fa4-a97d-d965ccfc6d4b" outcome="Passed" testListId="8c84fa94-04c1-424b-9868-57a2d4851a1d" relativeResultsDirectory="4b5c27f6-32a4-4a4b-b517-99d5977b63f7" />
    <UnitTestResult executionId="53fb7eb7-7055-4cec-9e58-4cf2728a2f1a" testId="0298dc79-a3ea-fd9e-04aa-501172a2b871" testName="ManualFlagAndPendingOrderSurviveASave" computerName="Anatolys-MacBook-Air" duration="00:00:04.5047450" startTime="2026-08-11T08:21:51.7776650+07:00" endTime="2026-08-11T08:21:56.2825260+07:00" testType="13cdc9d9-ddb5-4fa4-a97d-d965ccfc6d4b" outcome="Passed" testListId="8c84fa94-04c1-424b-9868-57a2d4851a1d" relativeResultsDirectory="53fb7eb7-7055-4cec-9e58-4cf2728a2f1a" />
    <UnitTestResult executionId="42a38448-37f0-4169-836a-07e1ddee0df0" testId="89c0c85d-78d1-838c-2a9c-4c85be06a075" testName="DollCameraBakesTheIdleCloneInsteadOfUsingSourcePoseOrCullingMargins" computerName="Anatolys-MacBook-Air" duration="00:00:00.0045840" startTime="2026-08-11T08:26:46.4726200+07:00" endTime="2026-08-11T08:26:46.4772030+07:00" testType="13cdc9d9-ddb5-4fa4-a97d-d965ccfc6d4b" outcome="Passed" testListId="8c84fa94-04c1-424b-9868-57a2d4851a1d" relativeResultsDirectory="42a38448-37f0-4169-836a-07e1ddee0df0" />
    <UnitTestResult executionId="72abab8c-9cfe-483f-939c-70969b8bd292" testId="33c072aa-9bc3-828d-f2e2-e0df63954003" testName="Outsider_AbusesAtLeastOnce_OnThePrototypeIsland" computerName="Anatolys-MacBook-Air" duration="00:00:00.0005840" startTime="2026-08-11T08:12:59.4061640+07:00" endTime="2026-08-11T08:12:59.4067480+07:00" testType="13cdc9d9-ddb5-4fa4-a97d-d965ccfc6d4b" outcome="NotExecuted" testListId="8c84fa94-04c1-424b-9868-57a2d4851a1d" relativeResultsDirectory="72abab8c-9cfe-483f-939c-70969b8bd292">
      <Output>
        <StdOut>§118: частота абьюза упала с переписанным путём урона — порог теста больше не отражает механику</StdOut>
        <ErrorInfo>
          <Message>§118: частота абьюза упала с переписанным путём урона — порог теста больше не отражает механику</Message>
        </ErrorInfo>
      </Output>
    </UnitTestResult>
    <UnitTestResult executionId="b6c3c4b1-014f-40d1-977e-d9eea5f3e054" testId="6395b652-4f21-1d4a-b57f-846551dc1b25" testName="NakedBody_HasSeparateHandsAndCarryWithStrengthBreakdown" computerName="Anatolys-MacBook-Air" duration="00:00:00.6327830" startTime="2026-08-11T08:20:07.9243000+07:00" endTime="2026-08-11T08:20:08.5570960+07:00" testType="13cdc9d9-ddb5-4fa4-a97d-d965ccfc6d4b" outcome="Passed" testListId="8c84fa94-04c1-424b-9868-57a2d4851a1d" relativeResultsDirectory="b6c3c4b1-014f-40d1-977e-d9eea5f3e054" />
    <UnitTestResult executionId="919f3c47-ec03-4a85-9d5f-abd289c17a1d" testId="52fb497e-cc46-e7b1-c3db-f14290cd0950" testName="UntreatedDeepCut_DegeneratesAwakeButBasicBedStopsIt" computerName="Anatolys-MacBook-Air" duration="00:00:00.7495960" startTime="2026-08-11T08:20:31.3082020+07:00" endTime="2026-08-11T08:20:32.0578120+07:00" testType="13cdc9d9-ddb5-4fa4-a97d-d965ccfc6d4b" outcome="Passed" testListId="8c84fa94-04c1-424b-9868-57a2d4851a1d" relativeResultsDirectory="919f3c47-ec03-4a85-9d5f-abd289c17a1d" />
    <UnitTestResult executionId="7b68beee-3598-4283-bd8a-94200c34cb6a" testId="315c6357-6229-1374-8ed9-5578c12626dc" testName="WorldWithoutASingleManualNpcIsUntouched" computerName="Anatolys-MacBook-Air" duration="00:00:18.2894850" startTime="2026-08-11T08:22:44.5190880+07:00" endTime="2026-08-11T08:23:02.8089120+07:00" testType="13cdc9d9-ddb5-4fa4-a97d-d965ccfc6d4b" outcome="Passed" testListId="8c84fa94-04c1-424b-9868-57a2d4851a1d" relativeResultsDirectory="7b68beee-3598-4283-bd8a-94200c34cb6a" />
    <UnitTestResult executionId="1144f890-7b3d-44c9-b3e4-571b51552c34" testId="65dc4440-a80c-fcd4-52f1-6a151bb56d90" testName="RecoveryComaThreshold_ScalesWithToughnessAndGatesWake" computerName="Anatolys-MacBook-Air" duration="00:00:00.9093280" startTime="2026-08-11T08:20:26.5390730+07:00" endTime="2026-08-11T08:20:27.4484180+07:00" testType="13cdc9d9-ddb5-4fa4-a97d-d965ccfc6d4b" outcome="Passed" testListId="8c84fa94-04c1-424b-9868-57a2d4851a1d" relativeResultsDirectory="1144f890-7b3d-44c9-b3e4-571b51552c34" />
    <UnitTestResult executionId="5aab553d-af4a-42f8-bee4-4965ff4a9255" testId="e356eca3-a673-3f61-78b6-60182f75a89c" testName="LowHealthWithoutAHomeRouteRefusesInsteadOfFalseAgreement" computerName="Anatolys-MacBook-Air" duration="00:00:00.2334190" startTime="2026-08-11T08:13:16.1745720+07:00" endTime="2026-08-11T08:13:16.4079930+07:00" testType="13cdc9d9-ddb5-4fa4-a97d-d965ccfc6d4b" outcome="Passed" testListId="8c84fa94-04c1-424b-9868-57a2d4851a1d" relativeResultsDirectory="5aab553d-af4a-42f8-bee4-4965ff4a9255" />
    <UnitTestResult executionId="fc81eb8a-cd65-4def-bfce-154c8b19e9d7" testId="8801dceb-d1c5-74fd-a533-06f64f149aa2" testName="OppositePolesNeverLandTogether" computerName="Anatolys-MacBook-Air" duration="00:00:00.0428889" startTime="2026-08-11T08:26:34.1999700+07:00" endTime="2026-08-11T08:26:34.2428600+07:00" testType="13cdc9d9-ddb5-4fa4-a97d-d965ccfc6d4b" outcome="Passed" testListId="8c84fa94-04c1-424b-9868-57a2d4851a1d" relativeResultsDirectory="fc81eb8a-cd65-4def-bfce-154c8b19e9d7" />
    <UnitTestResult executionId="94804d82-d57f-4831-8c24-2c70f0ab3bf1" testId="202ca5ce-9fac-6341-79b4-dd9f5c1b4344" testName="UnrolledBodySeesTheMeanRadius" computerName="Anatolys-MacBook-Air" duration="00:00:00.0002020" startTime="2026-08-11T08:23:21.4403690+07:00" endTime="2026-08-11T08:23:21.4405710+07:00" testType="13cdc9d9-ddb5-4fa4-a97d-d965ccfc6d4b" outcome="Passed" testListId="8c84fa94-04c1-424b-9868-57a2d4851a1d" relativeResultsDirectory="94804d82-d57f-4831-8c24-2c70f0ab3bf1" />
    <UnitTestResult executionId="f1287d3a-4396-4cf9-ba95-a7f136d72f72" testId="e93c2173-d1c0-8c3e-88ec-ccc9dc9f9ccb" testName="CampfireCandidateReadsAsCookedChunk" computerName="Anatolys-MacBook-Air" duration="00:00:01.7934600" startTime="2026-08-11T08:16:34.4107950+07:00" endTime="2026-08-11T08:16:36.2042730+07:00" testType="13cdc9d9-ddb5-4fa4-a97d-d965ccfc6d4b" outcome="Passed" testListId="8c84fa94-04c1-424b-9868-57a2d4851a1d" relativeResultsDirectory="f1287d3a-4396-4cf9-ba95-a7f136d72f72" />
    <UnitTestResult executionId="c34581e4-4909-4d92-a238-05999b9c67ca" testId="a9dcf0f0-e86e-d616-8b07-793b2e71bc5b" testName="CancellingAStationProject_SpillsEveryPaidIngredient" computerName="Anatolys-MacBook-Air" duration="00:00:00.9443770" startTime="2026-08-11T08:26:41.6727700+07:00" endTime="2026-08-11T08:26:42.6171650+07:00" testType="13cdc9d9-ddb5-4fa4-a97d-d965ccfc6d4b" outcome="Passed" testListId="8c84fa94-04c1-424b-9868-57a2d4851a1d" relativeResultsDirectory="c34581e4-4909-4d92-a238-05999b9c67ca" />
    <UnitTestResult executionId="6a90efdf-2dca-4ad2-acb3-e321ee688bd8" testId="5df4b11e-045a-bf4a-6a42-88fbaee47c9a" testName="FatalDegeneration_IsTerminalUntilCorpseSweep_Bug54" computerName="Anatolys-MacBook-Air" duration="00:00:00.7665700" startTime="2026-08-11T08:20:19.4012980+07:00" endTime="2026-08-11T08:20:20.1678810+07:00" testType="13cdc9d9-ddb5-4fa4-a97d-d965ccfc6d4b" outcome="Passed" testListId="8c84fa94-04c1-424b-9868-57a2d4851a1d" relativeResultsDirectory="6a90efdf-2dca-4ad2-acb3-e321ee688bd8" />
    <UnitTestResult executionId="98eb7bba-79b7-4efb-a9a4-c2e6c1c18707" testId="c66ea5c6-c7f7-ccae-3281-09fd830feb7f" testName="Bandage_PrefersActiveBleedBeforeDeeperClottedCut" computerName="Anatolys-MacBook-Air" duration="00:00:00.5966280" startTime="2026-08-11T08:20:12.2017270+07:00" endTime="2026-08-11T08:20:12.7983650+07:00" testType="13cdc9d9-ddb5-4fa4-a97d-d965ccfc6d4b" outcome="Passed" testListId="8c84fa94-04c1-424b-9868-57a2d4851a1d" relativeResultsDirectory="98eb7bba-79b7-4efb-a9a4-c2e6c1c18707" />
    <UnitTestResult executionId="dbdad0aa-3db4-4d62-b526-b0ccc058825a" testId="d960fd10-a7e2-53fa-7d52-72dd263ec060" testName="GoalServingAScreamingNeedIsNeverMuted" computerName="Anatolys-MacBook-Air" duration="00:00:01.0336080" startTime="2026-08-11T08:20:37.3014750+07:00" endTime="2026-08-11T08:20:38.3351020+07:00" testType="13cdc9d9-ddb5-4fa4-a97d-d965ccfc6d4b" outcome="Passed" testListId="8c84fa94-04c1-424b-9868-57a2d4851a1d" relativeResultsDirectory="dbdad0aa-3db4-4d62-b526-b0ccc058825a" />
    <UnitTestResult executionId="7b1143cc-8106-4fe4-a6a4-76f84ecc5da7" testId="68fe2439-04d1-6eda-1dc0-d3cbd2a2f995" testName="ArchitectureUsesItsOwnPlacementLayerAndRejectsOnlyDuplicateSlots" computerName="Anatolys-MacBook-Air" duration="00:00:00.0010460" startTime="2026-08-11T08:13:08.7098340+07:00" endTime="2026-08-11T08:13:08.7108800+07:00" testType="13cdc9d9-ddb5-4fa4-a97d-d965ccfc6d4b" outcome="Passed" testListId="8c84fa94-04c1-424b-9868-57a2d4851a1d" relativeResultsDirectory="7b1143cc-8106-4fe4-a6a4-76f84ecc5da7" />
    <UnitTestResult executionId="23208895-afa2-4c25-a38c-2edb934ece9b" testId="09db8e10-55dd-b73f-5eeb-03d7928e2e63" testName="HandBuiltSetMatchesTheListItReplaced" computerName="Anatolys-MacBook-Air" duration="00:00:00.9594660" startTime="2026-08-11T08:17:16.6563530+07:00" endTime="2026-08-11T08:17:17.6158290+07:00" testType="13cdc9d9-ddb5-4fa4-a97d-d965ccfc6d4b" outcome="Passed" testListId="8c84fa94-04c1-424b-9868-57a2d4851a1d" relativeResultsDirectory="23208895-afa2-4c25-a38c-2edb934ece9b" />
    <UnitTestResult executionId="08a1f378-cb97-4634-acd1-11d0e1cfc8c8" testId="08096ff6-4efc-ae3a-63a1-6b876848563c" testName="MovementGateOpensDoorForAllyAndHoldsTheSwing" computerName="Anatolys-MacBook-Air" duration="00:00:00.6955650" startTime="2026-08-11T08:14:13.0141670+07:00" endTime="2026-08-11T08:14:13.7097390+07:00" testType="13cdc9d9-ddb5-4fa4-a97d-d965ccfc6d4b" outcome="Passed" testListId="8c84fa94-04c1-424b-9868-57a2d4851a1d" relativeResultsDirectory="08a1f378-cb97-4634-acd1-11d0e1cfc8c8" />
    <UnitTestResult executionId="bcc6c4b1-03c1-413a-b9d7-24c427304be4" testId="da6d2fe0-3564-d4c7-e5e0-b8b122074853" testName="InteractionColumnMatchesTheSwitchItReplaced" computerName="Anatolys-MacBook-Air" duration="00:00:00.0048990" startTime="2026-08-11T08:27:01.2172410+07:00" endTime="2026-08-11T08:27:01.2221400+07:00" testType="13cdc9d9-ddb5-4fa4-a97d-d965ccfc6d4b" outcome="Passed" testListId="8c84fa94-04c1-424b-9868-57a2d4851a1d" relativeResultsDirectory="bcc6c4b1-03c1-413a-b9d7-24c427304be4" />
    <UnitTestResult executionId="b5e62269-d240-49b5-a691-7ff065adfe42" testId="a2e46329-ba32-423c-9ba6-f77498a62f83" testName="PrototypeStartsWithOneUsableHutTwoCotsAndAColdHearth" computerName="Anatolys-MacBook-Air" duration="00:00:00.2909260" startTime="2026-08-11T08:13:13.6781930+07:00" endTime="2026-08-11T08:13:13.9691220+07:00" testType="13cdc9d9-ddb5-4fa4-a97d-d965ccfc6d4b" outcome="Passed" testListId="8c84fa94-04c1-424b-9868-57a2d4851a1d" relativeResultsDirectory="b5e62269-d240-49b5-a691-7ff065adfe42" />
    <UnitTestResult executionId="5f291255-1a6e-4ce2-b131-afdb225ce972" testId="5ca8a32f-c022-8753-66f2-379fa797ffae" testName="BackpackBundleMovesOnlyItsBonusTailNotBodyCarryOrHands" computerName="Anatolys-MacBook-Air" duration="00:00:04.3668520" startTime="2026-08-11T08:24:03.5996980+07:00" endTime="2026-08-11T08:24:07.9666300+07:00" testType="13cdc9d9-ddb5-4fa4-a97d-d965ccfc6d4b" outcome="Passed" testListId="8c84fa94-04c1-424b-9868-57a2d4851a1d" relativeResultsDirectory="5f291255-1a6e-4ce2-b131-afdb225ce972" />
    <UnitTestResult executionId="59f4b93e-1b75-4946-a16d-74e34c513bf9" testId="49608a6f-9bbc-9e06-5a27-d61b8fabf3dd" testName="StrikeTimingsExistInExactlyOnePlace" computerName="Anatolys-MacBook-Air" duration="00:00:00.0372780" startTime="2026-08-11T08:27:32.2699770+07:00" endTime="2026-08-11T08:27:32.3072550+07:00" testType="13cdc9d9-ddb5-4fa4-a97d-d965ccfc6d4b" outcome="Passed" testListId="8c84fa94-04c1-424b-9868-57a2d4851a1d" relativeResultsDirectory="59f4b93e-1b75-4946-a16d-74e34c513bf9" />
    <UnitTestResult executionId="cb0487dc-3b9f-4baf-89fa-9e2c9acb9ea4" testId="7dab7a7a-a0b3-80e6-096b-dea7784d67a5" testName="RawMeatProspectFlipsOnUsableFire" computerName="Anatolys-MacBook-Air" duration="00:00:03.3896250" startTime="2026-08-11T08:16:37.2689500+07:00" endTime="2026-08-11T08:16:40.6586070+07:00" testType="13cdc9d9-ddb5-4fa4-a97d-d965ccfc6d4b" outcome="Passed" testListId="8c84fa94-04c1-424b-9868-57a2d4851a1d" relativeResultsDirectory="cb0487dc-3b9f-4baf-89fa-9e2c9acb9ea4" />
    <UnitTestResult executionId="11201066-e5d4-49bb-a95d-deaf2791e728" testId="0a601e36-2a86-7052-27cb-577f9d4650e0" testName="ExchangeIsTwoEqualUnscrolledWindowsWithAuthoritativeDragDrops" computerName="Anatolys-MacBook-Air" duration="00:00:00.0125230" startTime="2026-08-11T08:27:01.7474070+07:00" endTime="2026-08-11T08:27:01.7599300+07:00" testType="13cdc9d9-ddb5-4fa4-a97d-d965ccfc6d4b" outcome="Passed" testListId="8c84fa94-04c1-424b-9868-57a2d4851a1d" relativeResultsDirectory="11201066-e5d4-49bb-a95d-deaf2791e728" />
    <UnitTestResult executionId="9e03c6e7-56b1-4615-a886-a9e5cd5b7adb" testId="e517b6fc-d29e-9bf6-d94d-c19f15c59c41" testName="HutYawSnapsToPointyTopHexSymmetries(31.0f,60.0f)" computerName="Anatolys-MacBook-Air" duration="00:00:00.0000600" startTime="2026-08-11T08:13:12.2807960+07:00" endTime="2026-08-11T08:13:12.2808570+07:00" testType="13cdc9d9-ddb5-4fa4-a97d-d965ccfc6d4b" outcome="Passed" testListId="8c84fa94-04c1-424b-9868-57a2d4851a1d" relativeResultsDirectory="9e03c6e7-56b1-4615-a886-a9e5cd5b7adb" />
    <UnitTestResult executionId="fe7abadb-a684-454b-adf0-586c78d7a52e" testId="7c3c72b6-5ca8-ad1d-ecc9-1a69c3a301aa" testName="PreTraitSaveGivesTheOutsiderHisCharacterBack" computerName="Anatolys-MacBook-Air" duration="00:00:00.0020339" startTime="2026-08-11T08:26:34.2428910+07:00" endTime="2026-08-11T08:26:34.2449250+07:00" testType="13cdc9d9-ddb5-4fa4-a97d-d965ccfc6d4b" outcome="Passed" testListId="8c84fa94-04c1-424b-9868-57a2d4851a1d" relativeResultsDirectory="fe7abadb-a684-454b-adf0-586c78d7a52e" />
    <UnitTestResult executionId="f331b889-2912-4c87-9c76-36041a44338a" testId="9fcc565d-925b-b78b-ddae-c047ae7f286b" testName="AttributeMapsToHexRadius(1.0f,10)" computerName="Anatolys-MacBook-Air" duration="00:00:00.0000070" startTime="2026-08-11T08:23:21.4392710+07:00" endTime="2026-08-11T08:23:21.4392780+07:00" testType="13cdc9d9-ddb5-4fa4-a97d-d965ccfc6d4b" outcome="Passed" testListId="8c84fa94-04c1-424b-9868-57a2d4851a1d" relativeResultsDirectory="f331b889-2912-4c87-9c76-36041a44338a" />
    <UnitTestResult executionId="ec998aa4-50d3-467d-8d7a-8daa161746ad" testId="e0dbb6c0-5462-9ff8-4917-2485efafafcc" testName="HutYawSnapsToPointyTopHexSymmetries(331.0f,0.0f)" computerName="Anatolys-MacBook-Air" duration="00:00:00.0005240" startTime="2026-08-11T08:13:12.2809150+07:00" endTime="2026-08-11T08:13:12.2814390+07:00" testType="13cdc9d9-ddb5-4fa4-a97d-d965ccfc6d4b" outcome="Failed" testListId="8c84fa94-04c1-424b-9868-57a2d4851a1d" relativeResultsDirectory="ec998aa4-50d3-467d-8d7a-8daa161746ad">
      <Output>
        <ErrorInfo>
          <Message>  Assert.That(StructurePlacement.QuantizeHexSymmetryYaw(requested), Is.EqualTo(expected).Within(0.001f))
  Expected: 0.0f +/- 0.00100000005f
  But was:  360.0f
  Off by:   -360.0d
</Message>
          <StackTrace>   at HexLive.Simulation.Tests.Behavior.BuildingConstructionTests.HutYawSnapsToPointyTopHexSymmetries(Single requested, Single expected) in /Volumes/ORICO/HexLive/Tests/HexLive.Simulation.Tests/Behavior/BuildingConstructionTests.cs:line 421
[...]
    <TestEntry testId="77042469-f1f4-e264-587b-c12208d49f9e" executionId="47a2cf0d-3247-4684-a411-f53c17eb9d09" testListId="8c84fa94-04c1-424b-9868-57a2d4851a1d" />
    <TestEntry testId="2f65dafc-ef3b-7e7e-43e6-1fb35e53dfec" executionId="929147db-8410-48f2-a086-be26ac67a0a3" testListId="8c84fa94-04c1-424b-9868-57a2d4851a1d" />
    <TestEntry testId="7710ac23-9c98-1ca4-9b5a-b8afa519755d" executionId="a60ec746-7eda-4cf6-a16a-300b7c7697aa" testListId="8c84fa94-04c1-424b-9868-57a2d4851a1d" />
    <TestEntry testId="03be9640-e170-c430-4cbd-1d5be8257ee3" executionId="53a96503-9072-47c0-831c-f64c5aee46a2" testListId="8c84fa94-04c1-424b-9868-57a2d4851a1d" />
    <TestEntry testId="23a9d5f8-7d7a-aeeb-a61f-8d7cbf7ebfa1" executionId="b5f02b96-4ea0-451a-a96e-5d46fc00e907" testListId="8c84fa94-04c1-424b-9868-57a2d4851a1d" />
    <TestEntry testId="a89e1611-90e4-fd2c-0132-79659f155afe" executionId="19ec0076-842d-472c-a6c3-2069e3b383bc" testListId="8c84fa94-04c1-424b-9868-57a2d4851a1d" />
    <TestEntry testId="d14268fc-b68b-b2c9-c468-91cd16f7f916" executionId="a12fde14-423b-48e3-b3e1-91e924d97960" testListId="8c84fa94-04c1-424b-9868-57a2d4851a1d" />
    <TestEntry testId="db32c2f4-4cec-2be4-812d-10ea0924af4c" executionId="fc84d7d1-eec4-447f-acf6-111406415842" testListId="8c84fa94-04c1-424b-9868-57a2d4851a1d" />
    <TestEntry testId="c6831b95-9481-6285-a14e-df1fd8ba3437" executionId="b763924e-cb01-4a35-95ce-3f5cf8f58a11" testListId="8c84fa94-04c1-424b-9868-57a2d4851a1d" />
    <TestEntry testId="21f3f43a-c68c-57e3-ad19-20f5825a57d1" executionId="7fec8ce5-352d-4255-8e20-dd31e7de6dcb" testListId="8c84fa94-04c1-424b-9868-57a2d4851a1d" />
    <TestEntry testId="c4c04925-9c42-5b87-ff73-2441e277271c" executionId="3c5e3db5-36f3-480c-9231-81a7de561ebb" testListId="8c84fa94-04c1-424b-9868-57a2d4851a1d" />
    <TestEntry testId="cae68333-813e-997c-8412-5ef49df80df0" executionId="11530050-2ab3-4b14-83e0-d51723ad564b" testListId="8c84fa94-04c1-424b-9868-57a2d4851a1d" />
    <TestEntry testId="d0b58520-09fd-8793-0919-42c18d74fe43" executionId="3a44d432-0db1-4ccb-8d7a-40ed99ad29e8" testListId="8c84fa94-04c1-424b-9868-57a2d4851a1d" />
    <TestEntry testId="f97c78c6-df09-4e8f-3845-9f6b13060a99" executionId="b0cf661d-01bb-41c8-918f-468a7d9c237f" testListId="8c84fa94-04c1-424b-9868-57a2d4851a1d" />
    <TestEntry testId="14fb43c6-2086-2f20-2f58-5fec9777d95b" executionId="55f80372-95c7-4fd5-8b55-a052d9187892" testListId="8c84fa94-04c1-424b-9868-57a2d4851a1d" />
    <TestEntry testId="03e7c801-7c87-9289-e29d-88755ced1e69" executionId="53fa7439-cfe4-4410-befe-4b65cd6e3e2e" testListId="8c84fa94-04c1-424b-9868-57a2d4851a1d" />
    <TestEntry testId="fd6b64a9-6632-8dde-32ce-133f06285e28" executionId="6dfd9ebe-a003-4e78-b5b4-8a5c36b4e2ea" testListId="8c84fa94-04c1-424b-9868-57a2d4851a1d" />
    <TestEntry testId="ee6e23fb-2c57-1f7d-daff-25152d88e050" executionId="8295ad35-19ac-4e62-8a76-4c5f56ebde2b" testListId="8c84fa94-04c1-424b-9868-57a2d4851a1d" />
    <TestEntry testId="b31cc2d5-33c6-5160-9149-4a40a608217a" executionId="942a7668-0605-4191-9643-5804c917f927" testListId="8c84fa94-04c1-424b-9868-57a2d4851a1d" />
    <TestEntry testId="db1920d3-f099-c898-7a9f-662279281e07" executionId="e60a5487-fa6f-4e9f-8b3b-475f2a0ea3d2" testListId="8c84fa94-04c1-424b-9868-57a2d4851a1d" />
    <TestEntry testId="abfaa2b0-9b7d-7707-beac-b9c8e8414bba" executionId="6f50f974-29dc-49de-adca-c0aadd31cc8c" testListId="8c84fa94-04c1-424b-9868-57a2d4851a1d" />
    <TestEntry testId="74793535-3dc2-9144-20a7-986d31daf91f" executionId="4724d3f3-8996-4b94-bf5e-476a0ff82dbc" testListId="8c84fa94-04c1-424b-9868-57a2d4851a1d" />
    <TestEntry testId="75d8e382-0545-42fe-cb1b-76f4fcda18aa" executionId="b46bc2d2-8d1e-4622-b15e-5c889c19c7f1" testListId="8c84fa94-04c1-424b-9868-57a2d4851a1d" />
    <TestEntry testId="e993f9d6-b69f-1ef6-b66d-623f990bd12c" executionId="1e30c21c-feda-4a17-af13-d43ff7e82beb" testListId="8c84fa94-04c1-424b-9868-57a2d4851a1d" />
    <TestEntry testId="0172c284-17b5-1779-de93-829a5266d088" executionId="8a4bd3f2-0735-480a-8d86-57c65aad445e" testListId="8c84fa94-04c1-424b-9868-57a2d4851a1d" />
    <TestEntry testId="0d360b0b-cf9b-9535-b568-40a2dd79a6b2" executionId="920fadea-0ec5-49bb-ad18-c2317fb6c851" testListId="8c84fa94-04c1-424b-9868-57a2d4851a1d" />
    <TestEntry testId="ae471a8b-f0eb-49a2-4310-9abf2cc10d7c" executionId="3797b016-b0f6-458d-b5f4-1c630d16a058" testListId="8c84fa94-04c1-424b-9868-57a2d4851a1d" />
    <TestEntry testId="ee776bb7-d9ba-7498-2878-1cd3438a2d62" executionId="0561b6dd-5ed1-4673-acee-225116c6466f" testListId="8c84fa94-04c1-424b-9868-57a2d4851a1d" />
    <TestEntry testId="12fee10b-3e75-78d1-1b03-006885384407" executionId="cce3f287-c1df-4590-b199-18d1efac4ee5" testListId="8c84fa94-04c1-424b-9868-57a2d4851a1d" />
    <TestEntry testId="483c8581-a3e3-b171-e99f-7eb0ec391175" executionId="8ed03c1a-9285-4403-aeea-79cc03952150" testListId="8c84fa94-04c1-424b-9868-57a2d4851a1d" />
    <TestEntry testId="58776b4e-4dc1-731a-d517-ffb1aa050d52" executionId="eb0491ba-1fb9-437d-8d41-21e18316666e" testListId="8c84fa94-04c1-424b-9868-57a2d4851a1d" />
    <TestEntry testId="c782258e-6891-0e87-284d-edcec7aaa8ea" executionId="303ea3e0-e8fa-4f90-887d-19ec4cee3530" testListId="8c84fa94-04c1-424b-9868-57a2d4851a1d" />
    <TestEntry testId="006b5df9-87ea-3745-ef1b-7d81d91c4a0c" executionId="f393433f-8a3b-45f2-b2a4-96ecd5fbf272" testListId="8c84fa94-04c1-424b-9868-57a2d4851a1d" />
    <TestEntry testId="b64573da-6f9c-e169-fda9-eb1d51660966" executionId="429e1180-6997-46ef-9ae8-0531b872d85c" testListId="8c84fa94-04c1-424b-9868-57a2d4851a1d" />
    <TestEntry testId="25c2c186-5079-a324-3d01-9f7383f74e34" executionId="3533c52a-49ff-43bf-81b5-b2626fe64105" testListId="8c84fa94-04c1-424b-9868-57a2d4851a1d" />
    <TestEntry testId="e994043e-f16e-75e5-aaf8-473b89dc029f" executionId="d8b207f3-732e-4afa-89fe-5089ca745962" testListId="8c84fa94-04c1-424b-9868-57a2d4851a1d" />
    <TestEntry testId="c3c3baa0-5211-4a0b-2c5a-9dbce39ff0fc" executionId="02e98ce7-6704-4ace-b505-3c92f6e86375" testListId="8c84fa94-04c1-424b-9868-57a2d4851a1d" />
    <TestEntry testId="f8fb6c9b-0391-a66b-5423-d1a99f5928a1" executionId="d904e6c2-bd1c-4dad-b450-e70ed0ef652d" testListId="8c84fa94-04c1-424b-9868-57a2d4851a1d" />
    <TestEntry testId="4c23038f-3306-2669-9e20-b90b46bcb88f" executionId="c89960d0-e84c-4895-827d-bd877e18033e" testListId="8c84fa94-04c1-424b-9868-57a2d4851a1d" />
    <TestEntry testId="190c5815-dd2c-fa64-6b4b-bcb585d628e8" executionId="7d08fbaa-4de6-44e9-9a3d-d3cd2e39b2a3" testListId="8c84fa94-04c1-424b-9868-57a2d4851a1d" />
    <TestEntry testId="b094a419-ec2d-6d02-2e10-116ac5e297c0" executionId="f25e25ab-c9ca-4844-8778-ecf8a36638a8" testListId="8c84fa94-04c1-424b-9868-57a2d4851a1d" />
    <TestEntry testId="61bb52c7-3f8f-4300-f63c-aa5e956acec1" executionId="02fd5484-c169-4b64-9846-7b68712b3ad3" testListId="8c84fa94-04c1-424b-9868-57a2d4851a1d" />
    <TestEntry testId="9615fab6-f20e-f546-5dfe-b7c786d2cee0" executionId="49286ed6-48d7-495e-89a1-d52d41289350" testListId="8c84fa94-04c1-424b-9868-57a2d4851a1d" />
    <TestEntry testId="04eae80f-1f73-54d9-2d03-d794399c6ccc" executionId="7a0f8863-5e95-44ad-bbfb-905f6821b186" testListId="8c84fa94-04c1-424b-9868-57a2d4851a1d" />
    <TestEntry testId="7071f335-3336-e6a7-4137-56fd731e0b92" executionId="d082c5b3-bd72-4583-8d4b-4f2fab039014" testListId="8c84fa94-04c1-424b-9868-57a2d4851a1d" />
    <TestEntry testId="01d94156-58a9-50f1-f8fa-0f3b9758437b" executionId="416b4b86-20f8-4164-8dcc-93e5ac0ba665" testListId="8c84fa94-04c1-424b-9868-57a2d4851a1d" />
    <TestEntry testId="03aaf707-ca20-0e19-4598-a8f75d1894a0" executionId="d37b2f4c-c223-4e64-bb32-3574ee0d1238" testListId="8c84fa94-04c1-424b-9868-57a2d4851a1d" />
    <TestEntry testId="05d17bde-db27-c16d-9217-b0cbda711ce4" executionId="22189d3b-f36f-4410-a90f-c9e8c327f749" testListId="8c84fa94-04c1-424b-9868-57a2d4851a1d" />
    <TestEntry testId="e22022ce-3dde-8d9c-bdbf-a9c3462ab0ea" executionId="71d73e77-4a15-4279-bf58-9d8393cc05a5" testListId="8c84fa94-04c1-424b-9868-57a2d4851a1d" />
    <TestEntry testId="921457f8-7156-982d-cceb-a4bf305222c2" executionId="48a2214e-2e8d-4bf8-916b-2f8f2999c272" testListId="8c84fa94-04c1-424b-9868-57a2d4851a1d" />
    <TestEntry testId="9def17c7-ac5a-d3cf-0430-1de28cc1c067" executionId="cbb14477-aab1-4ea9-8b60-71c69001ef8e" testListId="8c84fa94-04c1-424b-9868-57a2d4851a1d" />
    <TestEntry testId="45ed729f-eb68-08c2-b697-093e827e13a4" executionId="ad3068ae-e8bd-47e5-a52d-6f99557edc29" testListId="8c84fa94-04c1-424b-9868-57a2d4851a1d" />
    <TestEntry testId="ea1cab24-79db-b9dc-3e3c-39a803da13f6" executionId="f02ac901-5de2-4ef6-9bd7-53d9a1d354b7" testListId="8c84fa94-04c1-424b-9868-57a2d4851a1d" />
    <TestEntry testId="9547f039-b65b-dbd9-32e0-97d6100b1131" executionId="4533913b-65ac-4529-a565-edae3fdfb373" testListId="8c84fa94-04c1-424b-9868-57a2d4851a1d" />
    <TestEntry testId="d149002f-0457-c9b0-3923-de58bc9cab32" executionId="869d5c91-94b9-406e-aca2-2b8d7697fd7f" testListId="8c84fa94-04c1-424b-9868-57a2d4851a1d" />
    <TestEntry testId="8112db43-d063-5ab9-00b7-6a1c11f970ac" executionId="e57652c2-18ff-4887-bb7c-20e56b035161" testListId="8c84fa94-04c1-424b-9868-57a2d4851a1d" />
    <TestEntry testId="e1900180-bfaa-09b4-aa65-91bec6256cb7" executionId="e6c329b9-5830-4e0d-8861-c9bb3fe7385a" testListId="8c84fa94-04c1-424b-9868-57a2d4851a1d" />
    <TestEntry testId="dce8d8b4-4b4e-12c8-812b-89417eb4eba1" executionId="b8c1e321-aea0-471e-b4bf-9ed49b3e9871" testListId="8c84fa94-04c1-424b-9868-57a2d4851a1d" />
    <TestEntry testId="1a426048-a620-6be7-e2db-1a41a0ae4191" executionId="3656e23b-7b55-4642-92f5-c68f80d097cc" testListId="8c84fa94-04c1-424b-9868-57a2d4851a1d" />
    <TestEntry testId="1d72a3b1-53b0-ca64-4738-312fe18bf0f5" executionId="ba29c3e7-9c2b-4f02-ada6-e901dac7fd37" testListId="8c84fa94-04c1-424b-9868-57a2d4851a1d" />
    <TestEntry testId="a511b3b0-bbfc-75fc-1e5e-0f33f8c637d4" executionId="125a5cea-f2c7-4c9a-8862-29ed71afa87f" testListId="8c84fa94-04c1-424b-9868-57a2d4851a1d" />
    <TestEntry testId="3ea78a70-ea88-ca97-f614-b764c8cbb29a" executionId="0de0c60c-c35f-4e35-a576-c3a7076c39a1" testListId="8c84fa94-04c1-424b-9868-57a2d4851a1d" />
    <TestEntry testId="e985d808-f81d-78c6-357a-90c15c07e80f" executionId="6a542eeb-4753-4764-a12a-587a31818168" testListId="8c84fa94-04c1-424b-9868-57a2d4851a1d" />
    <TestEntry testId="eabd9380-1496-95f5-9b5d-4cc57d93c8d3" executionId="90be481d-f55b-4d73-9ab2-91ee6ef40508" testListId="8c84fa94-04c1-424b-9868-57a2d4851a1d" />
    <TestEntry testId="d756ee3a-119f-c329-ff11-8881c6a30ea0" executionId="4c302000-d2b2-4c72-9630-3d8aac9b8572" testListId="8c84fa94-04c1-424b-9868-57a2d4851a1d" />
    <TestEntry testId="316bda50-f695-1faf-16f7-27160db39d92" executionId="ec615833-b9ef-4b82-8c5f-09d271145283" testListId="8c84fa94-04c1-424b-9868-57a2d4851a1d" />
    <TestEntry testId="6151c859-bd48-9599-ed57-9f756b24b8b4" executionId="43b82514-f488-417d-82e7-f2ba18e32699" testListId="8c84fa94-04c1-424b-9868-57a2d4851a1d" />
    <TestEntry testId="0fd04c84-7b55-d301-bc81-50768bedc0fe" executionId="3cfff2db-f258-4ca2-9cb1-ca60f04b77cc" testListId="8c84fa94-04c1-424b-9868-57a2d4851a1d" />
    <TestEntry testId="f111e95c-7aac-8628-064d-8372d936aa64" executionId="7cdd4d01-5f44-47e4-a793-2f4a3ac8ecae" testListId="8c84fa94-04c1-424b-9868-57a2d4851a1d" />
    <TestEntry testId="ce5da716-a21b-7946-0457-374214372a07" executionId="c9724da4-685e-4062-ba89-0fbf9f956bea" testListId="8c84fa94-04c1-424b-9868-57a2d4851a1d" />
    <TestEntry testId="2b3f63b8-55a2-742b-de7a-84f49351e42e" executionId="21e549c4-b002-446c-a782-d7969d36f72b" testListId="8c84fa94-04c1-424b-9868-57a2d4851a1d" />
    <TestEntry testId="e35d051f-39f2-5c53-3655-571cf3d97bd0" executionId="0407c39a-5de1-401d-8fed-15c8ff459614" testListId="8c84fa94-04c1-424b-9868-57a2d4851a1d" />
    <TestEntry testId="bc91a412-6035-5dbe-8dfb-1865e28c19ad" executionId="29b59571-7f48-4324-b273-48f0fa846522" testListId="8c84fa94-04c1-424b-9868-57a2d4851a1d" />
    <TestEntry testId="038624c2-0878-0449-cde2-5ebf4ef2e21b" executionId="61e8d1d9-ed7c-4536-ad66-3b34d9e5b417" testListId="8c84fa94-04c1-424b-9868-57a2d4851a1d" />
    <TestEntry testId="59aad2ae-a661-6ba3-3f32-866d50efcbca" executionId="2cef263e-59fc-4e1e-a274-d9036c1de1dc" testListId="8c84fa94-04c1-424b-9868-57a2d4851a1d" />
    <TestEntry testId="d120ed45-a2a1-50a9-4a3d-29fff116b12a" executionId="8f9b1d2b-c51b-4675-ad44-98aeb644de82" testListId="8c84fa94-04c1-424b-9868-57a2d4851a1d" />
    <TestEntry testId="cbb49883-34de-ba06-18bb-41e1cb672ecd" executionId="0c16bc4d-b7a1-4886-ab35-1dce4d0a8a13" testListId="8c84fa94-04c1-424b-9868-57a2d4851a1d" />
    <TestEntry testId="81d43dd4-7401-f868-9369-97e25f3e0dc1" executionId="bba6e356-15a4-4ae6-962c-de977e1e13e6" testListId="8c84fa94-04c1-424b-9868-57a2d4851a1d" />
    <TestEntry testId="62545ee4-e033-6264-8c80-4b8a016e4414" executionId="71978969-f78e-4de2-8429-90c6ece5408d" testListId="8c84fa94-04c1-424b-9868-57a2d4851a1d" />
    <TestEntry testId="b11b8267-6845-c5ae-4e38-5e21efaaca5a" executionId="e8d77d1a-b804-43b9-88bf-c414cd38a390" testListId="8c84fa94-04c1-424b-9868-57a2d4851a1d" />
    <TestEntry testId="d69a4d1f-24fa-ee95-bd9d-270a8fe39636" executionId="8073629f-3233-4671-98ad-2181a3a1c070" testListId="8c84fa94-04c1-424b-9868-57a2d4851a1d" />
  </TestEntries>
  <TestLists>
    <TestList name="Results Not in a List" id="8c84fa94-04c1-424b-9868-57a2d4851a1d" />
    <TestList name="All Loaded Results" id="19431567-8539-422a-85d7-44ee4e166bda" />
  </TestLists>
  <ResultSummary outcome="Failed">
    <Counters total="443" executed="441" passed="420" failed="21" error="0" timeout="0" aborted="0" inconclusive="0" passedButRunAborted="0" notRunnable="0" notExecuted="0" disconnected="0" warning="0" completed="0" inProgress="0" pending="0" />
    <Output>
      <StdOut>NUnit Adapter 4.6.0.0: Test execution started
Running all tests in /Volumes/ORICO/HexLive/Build/dotnet/bin/HexLive.Simulation.Tests/Debug/net9.0/HexLive.Simulation.Tests.dll
   NUnit3TestExecutor discovered 443 of 443 NUnit test cases using Current Discovery mode, Non-Explicit run
Outsider_AbusesAtLeastOnce_OnThePrototypeIsland: §118: частота абьюза упала с переписанным путём урона — порог теста больше не отражает механику
Test 'Outsider_AbusesAtLeastOnce_OnThePrototypeIsland' was skipped in the test run.
GroupHunt_LandsBlows_OnThePrototypeIsland: §118: ненависть до сговора на этих сидах больше не набирается — порог теста не отражает механику
Test 'GroupHunt_LandsBlows_OnThePrototypeIsland' was skipped in the test run.
Эмитятся через хелпер или параметр — имя есть, но не в самой точке эмита (1):
  GroupHuntStruck

Эмитится, но игроку не видно (275 типов):
  AbuseAbandoned
  AbuseBlocked
  AbuseDefied
  AbuseDone
  AbuseProwl
  AbuseProwlContinues
  AbusePursues
  AbuseRebuffed
  AbuseRetarget
  AbuseRouted
  AbuseSpotted
  AbuseStarted
  AbuseTriggered
  AbuseWitnessed
  Adrenaline
  AgentMemoryAdded
  AgentMemoryForgotten
  AidErrandBlocked
  AidErrandCleared
  AidErrandStarted
  AidStabilized
  AnswersBlows
  ArrowRecovered
  BatheContinued
  BathePlanned
  BatheReady
  BatheStarted
  Bathed
  BedClaimed
  BedReclaimed
  BedSitePlaced
  Bleeding
  BodyDamage
  BowShot
  CampExpelAccepted
  CampExpelContinues
  CampExpelDemanded
  CampExpelEnded
  CampExpelFightResolved
  CampExpelFightStarted
  CampExpelHolding
  CampExpelStarted
  CarcassSpawned
  ClimbPause
  CollectorSitePlaced
  ConnectivityFlatRebuilt
  ConnectivityRebuilt
  CoolContinued
  CoolOffPlanned
  CooledOff
  CorpseGone
  CorpseSkeletonized
  CrabKilled
  CrabSpawned
  CraftOutputLaid
  CraftOutputReady
  CraftProjectCancelled
  CraftProjectCompleted
  CraftProjectCreated
  CraftProjectCycleStarted
  CraftProjectProgress
  CraftedArrows
  CraftedAxe
  CraftedBow
  CraftedCloth
  CraftedKnife
  CraftedLeather
  CraftedPickaxe
  CraftedRope
  CraftedSpear
  CriticalAmputation
  CycleReset
  DangerRemembered
  DangerousRise
  DecisionInput
  DecisionSkipped
  DogLostTarget
  DogSpawned
  DogUnstacked
  DogWindup
  DoorClosed
  DoorOpened
  DoorPlacementFailed
  DoorRefused
  DreamFulfilled
  Dying
  EnemyDeathRelief
  EnteredTile
  ExecFailed
  ExecProgress
  ExecWaitingForArrival
  ExecWaitingForMovement
  ExplorePlanned
  FireBurn
  FireDryPlanned
  FleeStalled
  FleeStarted
  FleeUnavailable
  ForagePlanned
  ForageWaiting
  FriendGuardDeclined
  FurnitureApproachTurning
  GarmentInHand
  GarmentStowed
  GoalCooldownSet
  GoalHeld
  GoalInterrupted
  GoalScored
  GoalSelected
  GroundSatDown
  GroundSitPlanned
  GroundSleepPlanned
  GroundSleptWell
  GroupHuntBlocked
  GroupHuntContinues
  GroupHuntHolding
  GroupHuntHunterFled
  GroupHuntLeft
  GroupHuntTargetCornered
  GroupOrderResult
  Heatstroke
  HelpCryAssistEngaged
  HopLanded
  HopStarted
  HostileAvoid
  HostileSpotted
  HuntContinues
  HuntMissed
  HuntPlanned
  Hypothermia
  InteractionCompleted
  InteractionStarted
  InteractionTooFar
  InventoryMadeRoom
  ItemConsumed
  ItemDestroyed
  ItemDropped
  ItemHung
  ItemPickedUp
  ItemReplaced
  ItemSpilled
  ItemUndressed
  ItemWorn
  JunctionReached
  JunctionReserved
  JunctionResolved
  LieDownSpot
  LimbCareAssigned
  LoopDetected
  LoopEscalated
  LoopEscapeHeld
  LootBlocked
  LootEmpty
  LootHelplessAbandoned
  LootHelplessAborted
  LootHelplessBlocked
  LootHelplessStarted
  LootHelplessTook
  LootWitnessRallied
  ManualAttackContinues
  ManualAttackEngaged
  ManualChaseRepath
  ManualControlChanged
  ManualOrderAccepted
  ManualOrderFinished
  ManualOrderRejected
  ManualOrderStopped
  MarkBraces
  MeatTakenFromSpit
  MemoryAdded
  MemoryForgotten
  MobLeaving
  MobLeft
  MoveOnlyArrived
  MovementCompleted
  MovementInvalidJunction
  MovementPathExhausted
  MovementPostTurnPause
  MovementRepath
  MovementRotating
  MovementStep
  MovementStepCarry
  NeedsDecay
  ObjectDespawned
  ObjectSpawned
  OrphanSitesCleared
  PathAlreadyAtTarget
  PathBuilt
  PathSearching
  PerceivedObject
  PerceptionUpdated
  PersonDropped
  PersonPickedUp
  PersonPutDown
  PhaseChanged
  PickupBlocked
  PlanAborted
  PlanBuilt
  PlanCandidate
  PlanCandidateSkipped
  PlanContinues
  PlanFailed
  PlanNoInteraction
  PlanSkipped
  PlanStarted
  PlanTargetSelected
  PlayDeadEnded
  PlayDeadStarted
  PlayerInventoryCompleted
  PlayerInventoryTransferred
  PostBatheDressed
  PostBatheRedress
  PreyEngaged
  PreyPlanned
  PreyWindup
  ProduceDropped
  ProduceRotted
  ProduceSkipped
  ProstheticAidPickupAssigned
  ProstheticAidPledged
  ProstheticBroken
  ProstheticFitStarted
  ProstheticFitted
  RackSitePlaced
  RaidAbandoned
  RaidBrokeOff
  RaidEngaged
  RaidKilledVictim
  RaidPlanned
  RaidProwl
  RaidScored
  RaidStarted
  RaidVictimFled
  RaidWaveArmorSkipped
  RaidWaveSpawned
  RaiderKilled
  RescueAssigned
  RescueBandaged
  RescuePatientRepickedAfterHop
  RescuePatientStagedForHop
  RescuePausedForCombat
  RescueResumed
  ReservationFailed
  SeekWaterHelp
  SiteDelivered
  SkillUp
  SleepContinued
  SleepInterrupted
  SoakedThrough
  SpearReadied
  SpitHangFailed
  SpitTakeFailed
  SplintApplied
  SplintSavedLimb
  SplintStarted
  StarvationDamage
  StashRecovered
  StashedAtFire
  StashedInGarment
  StayedDown
  StuckDetected
  SurfGift
  SwimEnter
  TemperatureUpdate
  ThreatAttack
  ThreatAvoid
  TickStart
  VesselFull
  VesselPlaced
  VesselTaken
  VitalKnockout
  WakeStandDeferred
  WashClothesPlanned
  WorkbenchSitePlaced
  WoundHealed

Эти id из системы ушли — вычеркни их из known_hardcoded_ids.txt, чтобы храповик затянулся (2 из 10):
  Assets/HexLive/Simulation/Runtime/Systems/Wildlife/RaidWaveSystem.cs	armor.heavy
  Assets/HexLive/Simulation/Runtime/Systems/Wildlife/RaidWaveSystem.cs	armor.leather

Самописных сбросов: 26 (все на месте).

NUnit Adapter 4.6.0.0: Test execution complete
</StdOut>
    </Output>
  </ResultSummary>
</TestRun>